2024-03-21 17:50:26,017 Error printer_setup: Device not found (Unable to open USB printer on ('0x154f', '0x1300'):
USB device not found (Device ('0x154f', '0x1300') not found or cable not plugged in.))
2024-03-21 17:55:18,832 Error printer_setup: Device not found (Unable to open USB printer on ('0x154f', '0x1300'):
USB device not found (Device ('0x154f', '0x1300') not found or cable not plugged in.))
2024-03-21 18:00:04,125 Error printer_setup: Device not found (Unable to open USB printer on ('0x046D', '0xC077'):
USB device not found (Device ('0x046D', '0xC077') not found or cable not plugged in.))
2024-03-21 18:03:06,217 Error printer_setup: Device not found (Unable to open USB printer on ('0x154F', '0x1300'):
USB device not found (Device ('0x154F', '0x1300') not found or cable not plugged in.))
2024-03-21 18:31:47,236 Error in printer: TollReceiptPrinter.__init__() takes 3 positional arguments but 4 were given
2024-03-21 18:33:59,618 Error in printer: TollReceiptPrinter.__init__() takes 3 positional arguments but 4 were given
2024-03-21 18:35:25,395 Error in printer: Device not found (Unable to open USB printer on ('0x154F', '0x1300'):
USB device not found (Device ('0x154F', '0x1300') not found or cable not plugged in.))
2024-03-21 18:36:59,831 Error in printer: Device not found (Unable to open USB printer on ('0x154F', '0x1300'):
USB device not found (Device ('0x154F', '0x1300') not found or cable not plugged in.))
2024-03-21 18:40:47,989 Error in printer: Device not found (Unable to open USB printer on ('0x154F', '0x1300'):
USB device not found (Device ('0x154F', '0x1300') not found or cable not plugged in.))
2024-03-21 18:42:34,632 Error in printer: Device not found (Unable to open USB printer on ('0x154F', '0x1300'):
USB device not found (Device ('0x154F', '0x1300') not found or cable not plugged in.))
2024-03-21 18:50:57,278 Error in printer: Device not found (Unable to open USB printer on ('0x154F', '0x1300'):
USB device not found (Device ('0x154F', '0x1300') not found or cable not plugged in.))
2024-03-21 18:53:46,653 Error in printer: Device not found (Unable to open USB printer on ('0x154F', '0x1300'):
USB device not found (Device ('0x154F', '0x1300') not found or cable not plugged in.))
2024-03-21 18:58:44,859 Error in printer: Device not found (Unable to open USB printer on ('0x154F', '0x1300'):
USB device not found (Device ('0x154F', '0x1300') not found or cable not plugged in.))
2024-03-21 19:01:15,847 Error in printer: Device not found (Unable to open USB printer on ('0x154F', '0x1300'):
USB device not found (Device ('0x154F', '0x1300') not found or cable not plugged in.))
2024-03-21 19:06:38,176 Error in printer: Device not found (Unable to open USB printer on ('0x154F', '0x1300'):
USB device not found (Device ('0x154F', '0x1300') not found or cable not plugged in.))
2024-03-21 19:11:24,469 Error in printer: Device not found (Unable to open USB printer on ('0x154F', '0x1300'):
USB device not found (Device ('0x154F', '0x1300') not found or cable not plugged in.))
2024-03-21 19:14:55,808 Error in printer: Device not found (Unable to open USB printer on ('0x154F', '0x1300'):
USB device not found (Device ('0x154F', '0x1300') not found or cable not plugged in.))
2024-03-21 19:16:53,944 Error in printer: Device not found (Unable to open USB printer on ('0x154F', '0x1300'):
USB device not found (Device ('0x154F', '0x1300') not found or cable not plugged in.))
2024-03-21 19:18:44,769 Error in printer: Device not found (Unable to open USB printer on ('0x154F', '0x1300'):
USB device not found (Device ('0x154F', '0x1300') not found or cable not plugged in.))
2024-03-21 19:21:54,679 Error in printer: Device not found (Unable to open USB printer on ('0x154F', '0x1300'):
USB device not found (Device ('0x154F', '0x1300') not found or cable not plugged in.))
2024-03-21 19:25:32,123 Error in printer: Device not found (Unable to open USB printer on ('0x154F', '0x1300'):
USB device not found (Device ('0x154F', '0x1300') not found or cable not plugged in.))
2024-03-21 19:32:19,587 Error in printer: Device not found (Unable to open USB printer on ('0x154F', '0x1300'):
USB device not found (Device ('0x154F', '0x1300') not found or cable not plugged in.))
2024-03-21 19:33:37,075 Error in printer: Device not found (Unable to open USB printer on ('0x154F', '0x1300'):
USB device not found (Device ('0x154F', '0x1300') not found or cable not plugged in.))
2024-03-21 19:35:51,294 Error in printer: Device not found (Unable to open USB printer on ('0x154F', '0x1300'):
USB device not found (Device ('0x154F', '0x1300') not found or cable not plugged in.))
2024-03-21 20:51:54,176 Error in printer: Device not found (Unable to open USB printer on ('0x154F', '0x1300'):
USB device not found (Device ('0x154F', '0x1300') not found or cable not plugged in.))
2024-03-21 20:56:19,450 Error in printer: Device not found (Unable to open USB printer on ('0x154F', '0x1300'):
USB device not found (Device ('0x154F', '0x1300') not found or cable not plugged in.))
2024-03-21 20:58:21,043 Error in printer: Device not found (Unable to open USB printer on ('0x154F', '0x1300'):
USB device not found (Device ('0x154F', '0x1300') not found or cable not plugged in.))
2024-03-21 21:00:25,432 Error in printer: Device not found (Unable to open USB printer on ('0x154F', '0x1300'):
USB device not found (Device ('0x154F', '0x1300') not found or cable not plugged in.))
2024-03-21 21:02:06,747 Error in printer: Device not found (Unable to open USB printer on ('0x154F', '0x1300'):
USB device not found (Device ('0x154F', '0x1300') not found or cable not plugged in.))
2024-03-21 21:04:09,758 Error in printer: Device not found (Unable to open USB printer on ('0x154F', '0x1300'):
USB device not found (Device ('0x154F', '0x1300') not found or cable not plugged in.))
2024-03-21 21:04:16,790 Error in get_current_shift: list indices must be integers or slices, not str
2024-03-21 21:06:00,022 Error in printer: Device not found (Unable to open USB printer on ('0x154F', '0x1300'):
USB device not found (Device ('0x154F', '0x1300') not found or cable not plugged in.))
2024-03-21 21:06:07,191 Error in get_current_shift: list indices must be integers or slices, not str
2024-03-21 21:21:05,956 Error in printer: Device not found (Unable to open USB printer on ('0x154F', '0x1300'):
USB device not found (Device ('0x154F', '0x1300') not found or cable not plugged in.))
2024-03-21 21:21:12,992 Error in get_current_shift: 'Header' object has no attribute 'current_Transaction'
2024-03-21 21:22:34,546 Error in printer: Device not found (Unable to open USB printer on ('0x154F', '0x1300'):
USB device not found (Device ('0x154F', '0x1300') not found or cable not plugged in.))
2024-03-21 21:30:21,178 Error in printer: Device not found (Unable to open USB printer on ('0x154F', '0x1300'):
USB device not found (Device ('0x154F', '0x1300') not found or cable not plugged in.))
2024-03-21 21:31:55,011 Error in printer: Device not found (Unable to open USB printer on ('0x154F', '0x1300'):
USB device not found (Device ('0x154F', '0x1300') not found or cable not plugged in.))
2024-03-21 21:36:07,506 Error in printer: Device not found (Unable to open USB printer on ('0x154F', '0x1300'):
USB device not found (Device ('0x154F', '0x1300') not found or cable not plugged in.))
2024-03-21 21:39:01,215 Error in printer: Device not found (Unable to open USB printer on ('0x154F', '0x1300'):
USB device not found (Device ('0x154F', '0x1300') not found or cable not plugged in.))
2024-03-21 21:39:27,219 Error in printer: Device not found (Unable to open USB printer on ('0x154F', '0x1300'):
USB device not found (Device ('0x154F', '0x1300') not found or cable not plugged in.))
2024-03-21 21:56:20,634 Error in printer: Device not found (Unable to open USB printer on ('0x154F', '0x1300'):
USB device not found (Device ('0x154F', '0x1300') not found or cable not plugged in.))
2024-03-21 21:59:54,463 Error in printer: Device not found (Unable to open USB printer on ('0x154F', '0x1300'):
USB device not found (Device ('0x154F', '0x1300') not found or cable not plugged in.))
2024-03-21 22:01:22,080 Error in printer: Device not found (Unable to open USB printer on ('0x154F', '0x1300'):
USB device not found (Device ('0x154F', '0x1300') not found or cable not plugged in.))
