2024-04-21T16:46:05.976Z [INFO]: Server listening on port 5001
2024-04-21T16:46:05.977Z [WARN]: Server listening on port 5001
2024-04-21T16:46:05.977Z [ERROR]: Server listening on port 5001
2024-04-21T16:46:14.124Z [ERROR]: Caught an error in :ValidateUser : Cannot read properties of undefined (reading 'request')
2024-04-21T16:46:14.125Z [ERROR]: TypeError: Cannot read properties of undefined (reading 'request')
    at ValidateUser (D:\GitProjects\HighwaySolutions\Softomation\HighwaySolutions\WebApi\TMSNodeAPI\_routers\commonRoute.js:142:39)
2024-04-21T16:46:25.076Z [ERROR]: Caught an error in :SystemSettingGet : Cannot read properties of undefined (reading 'request')
2024-04-21T16:46:25.077Z [ERROR]: TypeError: Cannot read properties of undefined (reading 'request')
    at SystemSettingGet (D:\GitProjects\HighwaySolutions\Softomation\HighwaySolutions\WebApi\TMSNodeAPI\_routers\commonRoute.js:48:29)
2024-04-21T16:47:49.337Z [INFO]: Server listening on port 5001
2024-04-21T16:47:49.338Z [WARN]: Server listening on port 5001
2024-04-21T16:47:49.339Z [ERROR]: Server listening on port 5001
2024-04-21T16:48:07.340Z [ERROR]: Caught an error in :SystemSettingGet : Cannot read properties of undefined (reading 'request')
2024-04-21T16:48:07.340Z [ERROR]: TypeError: Cannot read properties of undefined (reading 'request')
    at SystemSettingGet (D:\GitProjects\HighwaySolutions\Softomation\HighwaySolutions\WebApi\TMSNodeAPI\_routers\commonRoute.js:48:29)
    at runNextTicks (node:internal/process/task_queues:60:5)
    at process.processImmediate (node:internal/timers:449:9)
2024-04-21T16:48:07.343Z [ERROR]: Caught an error in :SystemSettingGet : Cannot read properties of undefined (reading 'request')
2024-04-21T16:48:07.344Z [ERROR]: TypeError: Cannot read properties of undefined (reading 'request')
    at SystemSettingGet (D:\GitProjects\HighwaySolutions\Softomation\HighwaySolutions\WebApi\TMSNodeAPI\_routers\commonRoute.js:48:29)
2024-04-21T16:50:30.574Z [INFO]: Server listening on port 5001
2024-04-21T16:50:30.576Z [WARN]: Server listening on port 5001
2024-04-21T16:50:30.576Z [ERROR]: Server listening on port 5001
2024-04-21T16:50:52.394Z [ERROR]: Caught an error in :SystemSettingGet : Cannot read properties of undefined (reading 'request')
2024-04-21T16:50:52.395Z [ERROR]: TypeError: Cannot read properties of undefined (reading 'request')
    at SystemSettingGet (D:\GitProjects\HighwaySolutions\Softomation\HighwaySolutions\WebApi\TMSNodeAPI\_routers\commonRoute.js:48:29)
2024-04-21T16:51:07.401Z [ERROR]: Caught an error in :SystemSettingGet : Cannot read properties of undefined (reading 'request')
2024-04-21T16:51:07.401Z [ERROR]: TypeError: Cannot read properties of undefined (reading 'request')
    at SystemSettingGet (D:\GitProjects\HighwaySolutions\Softomation\HighwaySolutions\WebApi\TMSNodeAPI\_routers\commonRoute.js:48:29)
2024-04-21T16:56:02.024Z [INFO]: Server listening on port 5001
2024-04-21T16:56:02.026Z [WARN]: Server listening on port 5001
2024-04-21T16:56:02.026Z [ERROR]: Server listening on port 5001
2024-04-21T16:56:38.135Z [ERROR]: Caught an error in :SystemSettingGet : Cannot read properties of undefined (reading 'request')
2024-04-21T16:56:38.136Z [ERROR]: TypeError: Cannot read properties of undefined (reading 'request')
    at SystemSettingGet (D:\GitProjects\HighwaySolutions\Softomation\HighwaySolutions\WebApi\TMSNodeAPI\_routers\commonRoute.js:48:29)
2024-04-21T16:56:54.698Z [INFO]: Server listening on port 5001
2024-04-21T16:56:54.699Z [WARN]: Server listening on port 5001
2024-04-21T16:56:54.700Z [ERROR]: Server listening on port 5001
2024-04-21T16:58:49.865Z [INFO]: Server listening on port 5001
2024-04-21T16:58:49.866Z [WARN]: Server listening on port 5001
2024-04-21T16:58:49.866Z [ERROR]: Server listening on port 5001
2024-04-21T17:13:09.803Z [INFO]: Server listening on port 5001
2024-04-21T17:13:09.804Z [WARN]: Server listening on port 5001
2024-04-21T17:13:09.804Z [ERROR]: Server listening on port 5001
2024-04-21T17:15:13.124Z [INFO]: Server listening on port 5001
2024-04-21T17:15:13.126Z [WARN]: Server listening on port 5001
2024-04-21T17:15:13.126Z [ERROR]: Server listening on port 5001
2024-04-21T17:15:33.005Z [ERROR]: Caught an error in :SystemSettingGet : Cannot read properties of undefined (reading 'request')
2024-04-21T17:15:33.007Z [ERROR]: TypeError: Cannot read properties of undefined (reading 'request')
    at SystemSettingGet (D:\GitProjects\HighwaySolutions\Softomation\HighwaySolutions\WebApi\TMSNodeAPI\_routers\commonRoute.js:48:29)
2024-04-21T17:16:30.210Z [ERROR]: Caught an error in :SystemSettingGet : Cannot read properties of undefined (reading 'request')
2024-04-21T17:16:30.211Z [ERROR]: TypeError: Cannot read properties of undefined (reading 'request')
    at SystemSettingGet (D:\GitProjects\HighwaySolutions\Softomation\HighwaySolutions\WebApi\TMSNodeAPI\_routers\commonRoute.js:48:29)
2024-04-21T17:26:19.244Z [INFO]: Server listening on port 5001
2024-04-21T17:26:19.246Z [WARN]: Server listening on port 5001
2024-04-21T17:26:19.246Z [ERROR]: Server listening on port 5001
