2024-02-21T08:42:41.606Z [INFO]: Server listening on port 5001
2024-02-21T08:42:41.608Z [WARN]: Server listening on port 5001
2024-02-21T08:42:41.608Z [ERROR]: Server listening on port 5001
2024-02-21T08:49:20.617Z [INFO]: Server listening on port 5001
2024-02-21T08:49:20.618Z [WARN]: Server listening on port 5001
2024-02-21T08:49:20.619Z [ERROR]: Server listening on port 5001
2024-02-21T09:11:51.687Z [INFO]: Server listening on port 5001
2024-02-21T09:11:51.688Z [WARN]: Server listening on port 5001
2024-02-21T09:11:51.688Z [ERROR]: Server listening on port 5001
2024-02-21T09:15:45.890Z [INFO]: Server listening on port 5001
2024-02-21T09:15:45.892Z [WARN]: Server listening on port 5001
2024-02-21T09:15:45.892Z [ERROR]: Server listening on port 5001
2024-02-21T11:37:26.799Z [INFO]: Server listening on port 5001
2024-02-21T11:37:26.801Z [WARN]: Server listening on port 5001
2024-02-21T11:37:26.801Z [ERROR]: Server listening on port 5001
2024-02-21T11:37:44.053Z [ERROR]: Caught an error in :ValidateUser : Cannot read properties of undefined (reading 'request')
2024-02-21T11:37:44.054Z [ERROR]: TypeError: Cannot read properties of undefined (reading 'request')
    at ValidateUser (D:\Softomation\Projects\HighwaySoluations\Softomation\HighwaySolutions\WebApi\TMSNodeAPI\_routers\commonRoute.js:122:39)
2024-02-21T11:45:11.219Z [INFO]: Server listening on port 5001
2024-02-21T11:45:11.221Z [WARN]: Server listening on port 5001
2024-02-21T11:45:11.222Z [ERROR]: Server listening on port 5001
2024-02-21T11:45:39.987Z [INFO]: Server listening on port 5001
2024-02-21T11:45:39.988Z [WARN]: Server listening on port 5001
2024-02-21T11:45:39.989Z [ERROR]: Server listening on port 5001
2024-02-21T11:46:57.717Z [INFO]: Server listening on port 5001
2024-02-21T11:46:57.718Z [WARN]: Server listening on port 5001
2024-02-21T11:46:57.718Z [ERROR]: Server listening on port 5001
2024-02-21T12:59:25.153Z [INFO]: Server listening on port 5001
2024-02-21T12:59:25.155Z [WARN]: Server listening on port 5001
2024-02-21T12:59:25.155Z [ERROR]: Server listening on port 5001
2024-02-21T15:15:33.052Z [INFO]: Server listening on port 5001
2024-02-21T15:15:33.054Z [WARN]: Server listening on port 5001
2024-02-21T15:15:33.054Z [ERROR]: Server listening on port 5001
