2024-03-10T10:15:30.877Z [INFO]: Server listening on port 5001
2024-03-10T10:15:30.880Z [WARN]: Server listening on port 5001
2024-03-10T10:15:30.880Z [ERROR]: Server listening on port 5001
2024-03-10T10:15:54.654Z [INFO]: Server listening on port 5001
2024-03-10T10:15:54.656Z [WARN]: Server listening on port 5001
2024-03-10T10:15:54.656Z [ERROR]: Server listening on port 5001
2024-03-10T10:16:59.450Z [INFO]: Server listening on port 5001
2024-03-10T10:16:59.451Z [WARN]: Server listening on port 5001
2024-03-10T10:16:59.452Z [ERROR]: Server listening on port 5001
2024-03-10T10:18:54.550Z [INFO]: Server listening on port 5001
2024-03-10T10:18:54.552Z [WARN]: Server listening on port 5001
2024-03-10T10:18:54.553Z [ERROR]: Server listening on port 5001
2024-03-10T10:24:38.412Z [INFO]: Server listening on port 5001
2024-03-10T10:24:38.413Z [WARN]: Server listening on port 5001
2024-03-10T10:24:38.414Z [ERROR]: Server listening on port 5001
2024-03-10T10:25:12.548Z [INFO]: Server listening on port 5001
2024-03-10T10:25:12.550Z [WARN]: Server listening on port 5001
2024-03-10T10:25:12.550Z [ERROR]: Server listening on port 5001
2024-03-10T10:25:19.376Z [INFO]: Server listening on port 5001
2024-03-10T10:25:19.377Z [WARN]: Server listening on port 5001
2024-03-10T10:25:19.377Z [ERROR]: Server listening on port 5001
2024-03-10T10:25:43.391Z [INFO]: Server listening on port 5001
2024-03-10T10:25:43.393Z [WARN]: Server listening on port 5001
2024-03-10T10:25:43.393Z [ERROR]: Server listening on port 5001
2024-03-10T10:26:12.914Z [INFO]: Server listening on port 5001
2024-03-10T10:26:12.916Z [WARN]: Server listening on port 5001
2024-03-10T10:26:12.916Z [ERROR]: Server listening on port 5001
2024-03-10T10:26:52.046Z [INFO]: Server listening on port 5001
2024-03-10T10:26:52.048Z [WARN]: Server listening on port 5001
2024-03-10T10:26:52.049Z [ERROR]: Server listening on port 5001
2024-03-10T10:27:56.414Z [INFO]: Server listening on port 5001
2024-03-10T10:27:56.416Z [WARN]: Server listening on port 5001
2024-03-10T10:27:56.417Z [ERROR]: Server listening on port 5001
2024-03-10T10:29:52.635Z [INFO]: Server listening on port 5001
2024-03-10T10:29:52.637Z [WARN]: Server listening on port 5001
2024-03-10T10:29:52.637Z [ERROR]: Server listening on port 5001
2024-03-10T10:30:03.299Z [INFO]: Server listening on port 5001
2024-03-10T10:30:03.301Z [WARN]: Server listening on port 5001
2024-03-10T10:30:03.301Z [ERROR]: Server listening on port 5001
2024-03-10T11:05:48.739Z [INFO]: Server listening on port 5001
2024-03-10T11:05:48.740Z [WARN]: Server listening on port 5001
2024-03-10T11:05:48.741Z [ERROR]: Server listening on port 5001
2024-03-10T11:06:31.127Z [INFO]: Server listening on port 5001
2024-03-10T11:06:31.129Z [WARN]: Server listening on port 5001
2024-03-10T11:06:31.129Z [ERROR]: Server listening on port 5001
2024-03-10T11:07:04.331Z [INFO]: Server listening on port 5001
2024-03-10T11:07:04.332Z [WARN]: Server listening on port 5001
2024-03-10T11:07:04.332Z [ERROR]: Server listening on port 5001
2024-03-10T11:07:37.892Z [INFO]: Server listening on port 5001
2024-03-10T11:07:37.894Z [WARN]: Server listening on port 5001
2024-03-10T11:07:37.894Z [ERROR]: Server listening on port 5001
2024-03-10T11:08:09.674Z [INFO]: Server listening on port 5001
2024-03-10T11:08:09.675Z [WARN]: Server listening on port 5001
2024-03-10T11:08:09.676Z [ERROR]: Server listening on port 5001
2024-03-10T11:08:41.162Z [INFO]: Server listening on port 5001
2024-03-10T11:08:41.163Z [WARN]: Server listening on port 5001
2024-03-10T11:08:41.164Z [ERROR]: Server listening on port 5001
2024-03-10T11:09:04.404Z [INFO]: Server listening on port 5001
2024-03-10T11:09:04.406Z [WARN]: Server listening on port 5001
2024-03-10T11:09:04.406Z [ERROR]: Server listening on port 5001
2024-03-10T11:09:29.402Z [INFO]: Server listening on port 5001
2024-03-10T11:09:29.404Z [WARN]: Server listening on port 5001
2024-03-10T11:09:29.404Z [ERROR]: Server listening on port 5001
2024-03-10T11:10:15.968Z [INFO]: Server listening on port 5001
2024-03-10T11:10:15.970Z [WARN]: Server listening on port 5001
2024-03-10T11:10:15.970Z [ERROR]: Server listening on port 5001
2024-03-10T11:12:01.536Z [INFO]: Server listening on port 5001
2024-03-10T11:12:01.538Z [WARN]: Server listening on port 5001
2024-03-10T11:12:01.538Z [ERROR]: Server listening on port 5001
2024-03-10T11:13:04.949Z [INFO]: Server listening on port 5001
2024-03-10T11:13:04.951Z [WARN]: Server listening on port 5001
2024-03-10T11:13:04.951Z [ERROR]: Server listening on port 5001
2024-03-10T11:13:40.616Z [INFO]: Server listening on port 5001
2024-03-10T11:13:40.617Z [WARN]: Server listening on port 5001
2024-03-10T11:13:40.618Z [ERROR]: Server listening on port 5001
2024-03-10T11:15:22.705Z [INFO]: Server listening on port 5001
2024-03-10T11:15:22.707Z [WARN]: Server listening on port 5001
2024-03-10T11:15:22.707Z [ERROR]: Server listening on port 5001
2024-03-10T11:15:25.971Z [ERROR]: Caught an error in :ReportProcess : Cannot access 'tableHeader' before initialization
2024-03-10T11:15:25.972Z [ERROR]: ReferenceError: Cannot access 'tableHeader' before initialization
    at D:\Softomation\Projects\HighwaySoluations\Softomation\HighwaySolutions\WebApi\TMSNodeAPI\_reports\reportmaster.js:252:125
    at Array.map (<anonymous>)
    at Object.generateTransPdf (D:\Softomation\Projects\HighwaySoluations\Softomation\HighwaySolutions\WebApi\TMSNodeAPI\_reports\reportmaster.js:252:37)
    at ReportProcess (D:\Softomation\Projects\HighwaySoluations\Softomation\HighwaySolutions\WebApi\TMSNodeAPI\_routers\reportRoute.js:73:25)
2024-03-10T11:16:00.808Z [INFO]: Server listening on port 5001
2024-03-10T11:16:00.809Z [WARN]: Server listening on port 5001
2024-03-10T11:16:00.810Z [ERROR]: Server listening on port 5001
