2024-03-27T06:54:32.417Z [INFO]: Server listening on port 5001
2024-03-27T06:54:32.419Z [WARN]: Server listening on port 5001
2024-03-27T06:54:32.419Z [ERROR]: Server listening on port 5001
2024-03-27T06:54:36.483Z [ERROR]: Caught an error in :EquipmentDetailsGetByLane : 
2024-03-27T06:54:36.484Z [ERROR]: RequestError
    at Request.userCallback (D:\Softomation\Projects\HighwaySoluations\Softomation\HighwaySolutions\WebApi\TMSNodeAPI\node_modules\mssql\lib\tedious\request.js:811:19)
    at Request.callback (D:\Softomation\Projects\HighwaySoluations\Softomation\HighwaySolutions\WebApi\TMSNodeAPI\node_modules\tedious\lib\request.js:239:14)
    at Parser.onEndOfMessage (D:\Softomation\Projects\HighwaySoluations\Softomation\HighwaySolutions\WebApi\TMSNodeAPI\node_modules\tedious\lib\connection.js:2623:22)
    at Object.onceWrapper (node:events:628:28)
    at Parser.emit (node:events:514:28)
    at Readable.<anonymous> (D:\Softomation\Projects\HighwaySoluations\Softomation\HighwaySolutions\WebApi\TMSNodeAPI\node_modules\tedious\lib\token\token-stream-parser.js:24:12)
    at Readable.emit (node:events:514:28)
    at endReadableNT (node:internal/streams/readable:1359:12)
    at process.processTicksAndRejections (node:internal/process/task_queues:82:21)
2024-03-27T06:55:27.848Z [ERROR]: Caught an error in :EquipmentTypeGetActive : 
2024-03-27T06:55:27.849Z [ERROR]: RequestError
    at Request.userCallback (D:\Softomation\Projects\HighwaySoluations\Softomation\HighwaySolutions\WebApi\TMSNodeAPI\node_modules\mssql\lib\tedious\request.js:811:19)
    at Request.callback (D:\Softomation\Projects\HighwaySoluations\Softomation\HighwaySolutions\WebApi\TMSNodeAPI\node_modules\tedious\lib\request.js:239:14)
    at Parser.onEndOfMessage (D:\Softomation\Projects\HighwaySoluations\Softomation\HighwaySolutions\WebApi\TMSNodeAPI\node_modules\tedious\lib\connection.js:2623:22)
    at Object.onceWrapper (node:events:628:28)
    at Parser.emit (node:events:514:28)
    at Readable.<anonymous> (D:\Softomation\Projects\HighwaySoluations\Softomation\HighwaySolutions\WebApi\TMSNodeAPI\node_modules\tedious\lib\token\token-stream-parser.js:24:12)
    at Readable.emit (node:events:514:28)
    at endReadableNT (node:internal/streams/readable:1359:12)
    at process.processTicksAndRejections (node:internal/process/task_queues:82:21)
2024-03-27T06:55:50.939Z [ERROR]: Caught an error in :EquipmentDetailsGetByLane : 
2024-03-27T06:55:50.940Z [ERROR]: RequestError
    at Request.userCallback (D:\Softomation\Projects\HighwaySoluations\Softomation\HighwaySolutions\WebApi\TMSNodeAPI\node_modules\mssql\lib\tedious\request.js:811:19)
    at Request.callback (D:\Softomation\Projects\HighwaySoluations\Softomation\HighwaySolutions\WebApi\TMSNodeAPI\node_modules\tedious\lib\request.js:239:14)
    at Parser.onEndOfMessage (D:\Softomation\Projects\HighwaySoluations\Softomation\HighwaySolutions\WebApi\TMSNodeAPI\node_modules\tedious\lib\connection.js:2623:22)
    at Object.onceWrapper (node:events:628:28)
    at Parser.emit (node:events:514:28)
    at Readable.<anonymous> (D:\Softomation\Projects\HighwaySoluations\Softomation\HighwaySolutions\WebApi\TMSNodeAPI\node_modules\tedious\lib\token\token-stream-parser.js:24:12)
    at Readable.emit (node:events:514:28)
    at endReadableNT (node:internal/streams/readable:1359:12)
    at process.processTicksAndRejections (node:internal/process/task_queues:82:21)
2024-03-27T08:27:24.695Z [ERROR]: Caught an error in :ReviewPendingGetLatest : Invalid column name 'EPC'.
2024-03-27T08:27:24.698Z [ERROR]: RequestError: Invalid column name 'EPC'.
    at handleError (D:\Softomation\Projects\HighwaySoluations\Softomation\HighwaySolutions\WebApi\TMSNodeAPI\node_modules\mssql\lib\tedious\request.js:738:15)
    at Connection.emit (node:events:514:28)
    at Connection.emit (D:\Softomation\Projects\HighwaySoluations\Softomation\HighwaySolutions\WebApi\TMSNodeAPI\node_modules\tedious\lib\connection.js:959:18)
    at RequestTokenHandler.onErrorMessage (D:\Softomation\Projects\HighwaySoluations\Softomation\HighwaySolutions\WebApi\TMSNodeAPI\node_modules\tedious\lib\token\handler.js:285:21)
    at Readable.<anonymous> (D:\Softomation\Projects\HighwaySoluations\Softomation\HighwaySolutions\WebApi\TMSNodeAPI\node_modules\tedious\lib\token\token-stream-parser.js:18:33)
    at Readable.emit (node:events:514:28)
    at addChunk (node:internal/streams/readable:324:12)
    at readableAddChunk (node:internal/streams/readable:297:9)
    at Readable.push (node:internal/streams/readable:234:10)
    at next (node:internal/streams/from:98:31)
2024-03-27T08:27:27.580Z [ERROR]: Caught an error in :ReviewedGetLatest : Invalid column name 'EPC'.
2024-03-27T08:27:27.581Z [ERROR]: RequestError: Invalid column name 'EPC'.
    at handleError (D:\Softomation\Projects\HighwaySoluations\Softomation\HighwaySolutions\WebApi\TMSNodeAPI\node_modules\mssql\lib\tedious\request.js:738:15)
    at Connection.emit (node:events:514:28)
    at Connection.emit (D:\Softomation\Projects\HighwaySoluations\Softomation\HighwaySolutions\WebApi\TMSNodeAPI\node_modules\tedious\lib\connection.js:959:18)
    at RequestTokenHandler.onErrorMessage (D:\Softomation\Projects\HighwaySoluations\Softomation\HighwaySolutions\WebApi\TMSNodeAPI\node_modules\tedious\lib\token\handler.js:285:21)
    at Readable.<anonymous> (D:\Softomation\Projects\HighwaySoluations\Softomation\HighwaySolutions\WebApi\TMSNodeAPI\node_modules\tedious\lib\token\token-stream-parser.js:18:33)
    at Readable.emit (node:events:514:28)
    at addChunk (node:internal/streams/readable:324:12)
    at readableAddChunk (node:internal/streams/readable:297:9)
    at Readable.push (node:internal/streams/readable:234:10)
    at next (node:internal/streams/from:98:31)
2024-03-27T08:27:28.845Z [ERROR]: Caught an error in :FasTagGetByStatus : Invalid column name 'EPC'.
2024-03-27T08:27:28.846Z [ERROR]: RequestError: Invalid column name 'EPC'.
    at handleError (D:\Softomation\Projects\HighwaySoluations\Softomation\HighwaySolutions\WebApi\TMSNodeAPI\node_modules\mssql\lib\tedious\request.js:738:15)
    at Connection.emit (node:events:514:28)
    at Connection.emit (D:\Softomation\Projects\HighwaySoluations\Softomation\HighwaySolutions\WebApi\TMSNodeAPI\node_modules\tedious\lib\connection.js:959:18)
    at RequestTokenHandler.onErrorMessage (D:\Softomation\Projects\HighwaySoluations\Softomation\HighwaySolutions\WebApi\TMSNodeAPI\node_modules\tedious\lib\token\handler.js:285:21)
    at Readable.<anonymous> (D:\Softomation\Projects\HighwaySoluations\Softomation\HighwaySolutions\WebApi\TMSNodeAPI\node_modules\tedious\lib\token\token-stream-parser.js:18:33)
    at Readable.emit (node:events:514:28)
    at addChunk (node:internal/streams/readable:324:12)
    at readableAddChunk (node:internal/streams/readable:297:9)
    at Readable.push (node:internal/streams/readable:234:10)
    at next (node:internal/streams/from:98:31)
2024-03-27T08:27:30.090Z [ERROR]: Caught an error in :FasTagProcessedGetLatest : Invalid column name 'EPC'.
2024-03-27T08:27:30.091Z [ERROR]: RequestError: Invalid column name 'EPC'.
    at handleError (D:\Softomation\Projects\HighwaySoluations\Softomation\HighwaySolutions\WebApi\TMSNodeAPI\node_modules\mssql\lib\tedious\request.js:738:15)
    at Connection.emit (node:events:514:28)
    at Connection.emit (D:\Softomation\Projects\HighwaySoluations\Softomation\HighwaySolutions\WebApi\TMSNodeAPI\node_modules\tedious\lib\connection.js:959:18)
    at RequestTokenHandler.onErrorMessage (D:\Softomation\Projects\HighwaySoluations\Softomation\HighwaySolutions\WebApi\TMSNodeAPI\node_modules\tedious\lib\token\handler.js:285:21)
    at Readable.<anonymous> (D:\Softomation\Projects\HighwaySoluations\Softomation\HighwaySolutions\WebApi\TMSNodeAPI\node_modules\tedious\lib\token\token-stream-parser.js:18:33)
    at Readable.emit (node:events:514:28)
    at addChunk (node:internal/streams/readable:324:12)
    at readableAddChunk (node:internal/streams/readable:297:9)
    at Readable.push (node:internal/streams/readable:234:10)
    at next (node:internal/streams/from:98:31)
2024-03-27T08:51:21.871Z [ERROR]: Caught an error in :SystemVehicleClassInsertUpdate : Procedure or function 'USP_SystemVehicleClassInsertUpdate' expects parameter '@FasTagVehicleClassId', which was not supplied.
2024-03-27T08:51:21.873Z [ERROR]: RequestError: Procedure or function 'USP_SystemVehicleClassInsertUpdate' expects parameter '@FasTagVehicleClassId', which was not supplied.
    at handleError (D:\Softomation\Projects\HighwaySoluations\Softomation\HighwaySolutions\WebApi\TMSNodeAPI\node_modules\mssql\lib\tedious\request.js:738:15)
    at Connection.emit (node:events:514:28)
    at Connection.emit (D:\Softomation\Projects\HighwaySoluations\Softomation\HighwaySolutions\WebApi\TMSNodeAPI\node_modules\tedious\lib\connection.js:959:18)
    at RequestTokenHandler.onErrorMessage (D:\Softomation\Projects\HighwaySoluations\Softomation\HighwaySolutions\WebApi\TMSNodeAPI\node_modules\tedious\lib\token\handler.js:285:21)
    at Readable.<anonymous> (D:\Softomation\Projects\HighwaySoluations\Softomation\HighwaySolutions\WebApi\TMSNodeAPI\node_modules\tedious\lib\token\token-stream-parser.js:18:33)
    at Readable.emit (node:events:514:28)
    at addChunk (node:internal/streams/readable:324:12)
    at readableAddChunk (node:internal/streams/readable:297:9)
    at Readable.push (node:internal/streams/readable:234:10)
    at next (node:internal/streams/from:98:31)
2024-03-27T08:52:11.916Z [INFO]: Server listening on port 5001
2024-03-27T08:52:11.918Z [WARN]: Server listening on port 5001
2024-03-27T08:52:11.918Z [ERROR]: Server listening on port 5001
2024-03-27T09:41:57.260Z [INFO]: Server listening on port 5001
2024-03-27T09:41:57.261Z [WARN]: Server listening on port 5001
2024-03-27T09:41:57.261Z [ERROR]: Server listening on port 5001
2024-03-27T10:21:56.508Z [ERROR]: Caught an error in :ReviewPendingGetLatest : Invalid column name 'EPC'.
2024-03-27T10:21:56.511Z [ERROR]: RequestError: Invalid column name 'EPC'.
    at handleError (D:\Softomation\Projects\HighwaySoluations\Softomation\HighwaySolutions\WebApi\TMSNodeAPI\node_modules\mssql\lib\tedious\request.js:738:15)
    at Connection.emit (node:events:514:28)
    at Connection.emit (D:\Softomation\Projects\HighwaySoluations\Softomation\HighwaySolutions\WebApi\TMSNodeAPI\node_modules\tedious\lib\connection.js:959:18)
    at RequestTokenHandler.onErrorMessage (D:\Softomation\Projects\HighwaySoluations\Softomation\HighwaySolutions\WebApi\TMSNodeAPI\node_modules\tedious\lib\token\handler.js:285:21)
    at Readable.<anonymous> (D:\Softomation\Projects\HighwaySoluations\Softomation\HighwaySolutions\WebApi\TMSNodeAPI\node_modules\tedious\lib\token\token-stream-parser.js:18:33)
    at Readable.emit (node:events:514:28)
    at addChunk (node:internal/streams/readable:324:12)
    at readableAddChunk (node:internal/streams/readable:297:9)
    at Readable.push (node:internal/streams/readable:234:10)
    at next (node:internal/streams/from:98:31)
2024-03-27T10:29:29.176Z [ERROR]: Caught an error in :LaneTransactionGetByFilter : Invalid column name 'EPC'.
2024-03-27T10:29:29.176Z [ERROR]: RequestError: Invalid column name 'EPC'.
    at handleError (D:\Softomation\Projects\HighwaySoluations\Softomation\HighwaySolutions\WebApi\TMSNodeAPI\node_modules\mssql\lib\tedious\request.js:738:15)
    at Connection.emit (node:events:514:28)
    at Connection.emit (D:\Softomation\Projects\HighwaySoluations\Softomation\HighwaySolutions\WebApi\TMSNodeAPI\node_modules\tedious\lib\connection.js:959:18)
    at RequestTokenHandler.onErrorMessage (D:\Softomation\Projects\HighwaySoluations\Softomation\HighwaySolutions\WebApi\TMSNodeAPI\node_modules\tedious\lib\token\handler.js:285:21)
    at Readable.<anonymous> (D:\Softomation\Projects\HighwaySoluations\Softomation\HighwaySolutions\WebApi\TMSNodeAPI\node_modules\tedious\lib\token\token-stream-parser.js:18:33)
    at Readable.emit (node:events:514:28)
    at addChunk (node:internal/streams/readable:324:12)
    at readableAddChunk (node:internal/streams/readable:297:9)
    at Readable.push (node:internal/streams/readable:234:10)
    at next (node:internal/streams/from:98:31)
2024-03-27T10:29:44.001Z [ERROR]: Caught an error in :ReviewPendingGetLatest : Invalid column name 'EPC'.
2024-03-27T10:29:44.002Z [ERROR]: RequestError: Invalid column name 'EPC'.
    at handleError (D:\Softomation\Projects\HighwaySoluations\Softomation\HighwaySolutions\WebApi\TMSNodeAPI\node_modules\mssql\lib\tedious\request.js:738:15)
    at Connection.emit (node:events:514:28)
    at Connection.emit (D:\Softomation\Projects\HighwaySoluations\Softomation\HighwaySolutions\WebApi\TMSNodeAPI\node_modules\tedious\lib\connection.js:959:18)
    at RequestTokenHandler.onErrorMessage (D:\Softomation\Projects\HighwaySoluations\Softomation\HighwaySolutions\WebApi\TMSNodeAPI\node_modules\tedious\lib\token\handler.js:285:21)
    at Readable.<anonymous> (D:\Softomation\Projects\HighwaySoluations\Softomation\HighwaySolutions\WebApi\TMSNodeAPI\node_modules\tedious\lib\token\token-stream-parser.js:18:33)
    at Readable.emit (node:events:514:28)
    at addChunk (node:internal/streams/readable:324:12)
    at readableAddChunk (node:internal/streams/readable:297:9)
    at Readable.push (node:internal/streams/readable:234:10)
    at next (node:internal/streams/from:98:31)
2024-03-27T10:31:54.029Z [ERROR]: Caught an error in :ReviewPendingGetLatest : Invalid column name 'EPC'.
2024-03-27T10:31:54.030Z [ERROR]: RequestError: Invalid column name 'EPC'.
    at handleError (D:\Softomation\Projects\HighwaySoluations\Softomation\HighwaySolutions\WebApi\TMSNodeAPI\node_modules\mssql\lib\tedious\request.js:738:15)
    at Connection.emit (node:events:514:28)
    at Connection.emit (D:\Softomation\Projects\HighwaySoluations\Softomation\HighwaySolutions\WebApi\TMSNodeAPI\node_modules\tedious\lib\connection.js:959:18)
    at RequestTokenHandler.onErrorMessage (D:\Softomation\Projects\HighwaySoluations\Softomation\HighwaySolutions\WebApi\TMSNodeAPI\node_modules\tedious\lib\token\handler.js:285:21)
    at Readable.<anonymous> (D:\Softomation\Projects\HighwaySoluations\Softomation\HighwaySolutions\WebApi\TMSNodeAPI\node_modules\tedious\lib\token\token-stream-parser.js:18:33)
    at Readable.emit (node:events:514:28)
    at addChunk (node:internal/streams/readable:324:12)
    at readableAddChunk (node:internal/streams/readable:297:9)
    at Readable.push (node:internal/streams/readable:234:10)
    at next (node:internal/streams/from:98:31)
2024-03-27T10:31:56.657Z [ERROR]: Caught an error in :ReviewPendingGetLatest : Invalid column name 'EPC'.
2024-03-27T10:31:56.658Z [ERROR]: RequestError: Invalid column name 'EPC'.
    at handleError (D:\Softomation\Projects\HighwaySoluations\Softomation\HighwaySolutions\WebApi\TMSNodeAPI\node_modules\mssql\lib\tedious\request.js:738:15)
    at Connection.emit (node:events:514:28)
    at Connection.emit (D:\Softomation\Projects\HighwaySoluations\Softomation\HighwaySolutions\WebApi\TMSNodeAPI\node_modules\tedious\lib\connection.js:959:18)
    at RequestTokenHandler.onErrorMessage (D:\Softomation\Projects\HighwaySoluations\Softomation\HighwaySolutions\WebApi\TMSNodeAPI\node_modules\tedious\lib\token\handler.js:285:21)
    at Readable.<anonymous> (D:\Softomation\Projects\HighwaySoluations\Softomation\HighwaySolutions\WebApi\TMSNodeAPI\node_modules\tedious\lib\token\token-stream-parser.js:18:33)
    at Readable.emit (node:events:514:28)
    at addChunk (node:internal/streams/readable:324:12)
    at readableAddChunk (node:internal/streams/readable:297:9)
    at Readable.push (node:internal/streams/readable:234:10)
    at next (node:internal/streams/from:98:31)
2024-03-27T10:33:23.303Z [ERROR]: Caught an error in :FasTagGetByStatus : Invalid column name 'EPC'.
2024-03-27T10:33:23.303Z [ERROR]: RequestError: Invalid column name 'EPC'.
    at handleError (D:\Softomation\Projects\HighwaySoluations\Softomation\HighwaySolutions\WebApi\TMSNodeAPI\node_modules\mssql\lib\tedious\request.js:738:15)
    at Connection.emit (node:events:514:28)
    at Connection.emit (D:\Softomation\Projects\HighwaySoluations\Softomation\HighwaySolutions\WebApi\TMSNodeAPI\node_modules\tedious\lib\connection.js:959:18)
    at RequestTokenHandler.onErrorMessage (D:\Softomation\Projects\HighwaySoluations\Softomation\HighwaySolutions\WebApi\TMSNodeAPI\node_modules\tedious\lib\token\handler.js:285:21)
    at Readable.<anonymous> (D:\Softomation\Projects\HighwaySoluations\Softomation\HighwaySolutions\WebApi\TMSNodeAPI\node_modules\tedious\lib\token\token-stream-parser.js:18:33)
    at Readable.emit (node:events:514:28)
    at addChunk (node:internal/streams/readable:324:12)
    at readableAddChunk (node:internal/streams/readable:297:9)
    at Readable.push (node:internal/streams/readable:234:10)
    at next (node:internal/streams/from:98:31)
2024-03-27T10:33:26.582Z [ERROR]: Caught an error in :FasTagGetByStatus : Invalid column name 'EPC'.
2024-03-27T10:33:26.583Z [ERROR]: RequestError: Invalid column name 'EPC'.
    at handleError (D:\Softomation\Projects\HighwaySoluations\Softomation\HighwaySolutions\WebApi\TMSNodeAPI\node_modules\mssql\lib\tedious\request.js:738:15)
    at Connection.emit (node:events:514:28)
    at Connection.emit (D:\Softomation\Projects\HighwaySoluations\Softomation\HighwaySolutions\WebApi\TMSNodeAPI\node_modules\tedious\lib\connection.js:959:18)
    at RequestTokenHandler.onErrorMessage (D:\Softomation\Projects\HighwaySoluations\Softomation\HighwaySolutions\WebApi\TMSNodeAPI\node_modules\tedious\lib\token\handler.js:285:21)
    at Readable.<anonymous> (D:\Softomation\Projects\HighwaySoluations\Softomation\HighwaySolutions\WebApi\TMSNodeAPI\node_modules\tedious\lib\token\token-stream-parser.js:18:33)
    at Readable.emit (node:events:514:28)
    at addChunk (node:internal/streams/readable:324:12)
    at readableAddChunk (node:internal/streams/readable:297:9)
    at Readable.push (node:internal/streams/readable:234:10)
    at next (node:internal/streams/from:98:31)
2024-03-27T10:34:08.143Z [ERROR]: Caught an error in :FasTagGetByStatus : Invalid column name 'EPC'.
2024-03-27T10:34:08.144Z [ERROR]: RequestError: Invalid column name 'EPC'.
    at handleError (D:\Softomation\Projects\HighwaySoluations\Softomation\HighwaySolutions\WebApi\TMSNodeAPI\node_modules\mssql\lib\tedious\request.js:738:15)
    at Connection.emit (node:events:514:28)
    at Connection.emit (D:\Softomation\Projects\HighwaySoluations\Softomation\HighwaySolutions\WebApi\TMSNodeAPI\node_modules\tedious\lib\connection.js:959:18)
    at RequestTokenHandler.onErrorMessage (D:\Softomation\Projects\HighwaySoluations\Softomation\HighwaySolutions\WebApi\TMSNodeAPI\node_modules\tedious\lib\token\handler.js:285:21)
    at Readable.<anonymous> (D:\Softomation\Projects\HighwaySoluations\Softomation\HighwaySolutions\WebApi\TMSNodeAPI\node_modules\tedious\lib\token\token-stream-parser.js:18:33)
    at Readable.emit (node:events:514:28)
    at addChunk (node:internal/streams/readable:324:12)
    at readableAddChunk (node:internal/streams/readable:297:9)
    at Readable.push (node:internal/streams/readable:234:10)
    at next (node:internal/streams/from:98:31)
2024-03-27T10:34:10.723Z [ERROR]: Caught an error in :FasTagGetByStatus : Invalid column name 'EPC'.
2024-03-27T10:34:10.724Z [ERROR]: RequestError: Invalid column name 'EPC'.
    at handleError (D:\Softomation\Projects\HighwaySoluations\Softomation\HighwaySolutions\WebApi\TMSNodeAPI\node_modules\mssql\lib\tedious\request.js:738:15)
    at Connection.emit (node:events:514:28)
    at Connection.emit (D:\Softomation\Projects\HighwaySoluations\Softomation\HighwaySolutions\WebApi\TMSNodeAPI\node_modules\tedious\lib\connection.js:959:18)
    at RequestTokenHandler.onErrorMessage (D:\Softomation\Projects\HighwaySoluations\Softomation\HighwaySolutions\WebApi\TMSNodeAPI\node_modules\tedious\lib\token\handler.js:285:21)
    at Readable.<anonymous> (D:\Softomation\Projects\HighwaySoluations\Softomation\HighwaySolutions\WebApi\TMSNodeAPI\node_modules\tedious\lib\token\token-stream-parser.js:18:33)
    at Readable.emit (node:events:514:28)
    at addChunk (node:internal/streams/readable:324:12)
    at readableAddChunk (node:internal/streams/readable:297:9)
    at Readable.push (node:internal/streams/readable:234:10)
    at next (node:internal/streams/from:98:31)
2024-03-27T10:42:03.218Z [INFO]: Server listening on port 5001
2024-03-27T10:42:03.220Z [WARN]: Server listening on port 5001
2024-03-27T10:42:03.220Z [ERROR]: Server listening on port 5001
