2024-03-26 19:47:50,495 File 'C:\ProjectConfig\TMSLane\MasterConfig\ProjectConfiguration.json' updated successfully.
2024-03-26 19:47:52,638 [{'AlertMessage': 'Data status updated successfully;'}]
2024-03-26 19:47:52,642 [{'AlertMessage': 'Data status updated successfully;'}]
2024-03-26 19:47:52,646 [{'AlertMessage': 'Data status updated successfully;'}]
2024-03-26 19:47:54,727 [{'AlertMessage': 'Lane mode updated successfully;'}]
2024-03-26 19:47:54,730 [{'AlertMessage': 'Lane mode updated successfully;'}]
2024-03-26 19:47:56,813 [{'AlertMessage': 'Lane point updated successfully;'}]
2024-03-26 19:47:56,816 [{'AlertMessage': 'Lane point updated successfully;'}]
2024-03-26 19:47:56,819 [{'AlertMessage': 'Lane point updated successfully;'}]
2024-03-26 19:47:58,883 [{'AlertMessage': 'Lane position updated successfully;'}]
2024-03-26 19:47:58,887 [{'AlertMessage': 'Lane position updated successfully;'}]
2024-03-26 19:48:00,956 [{'AlertMessage': 'Lane status updated successfully;'}]
2024-03-26 19:48:00,960 [{'AlertMessage': 'Lane status updated successfully;'}]
2024-03-26 19:48:03,017 [{'AlertMessage': 'Lane type updated successfully;'}]
2024-03-26 19:48:03,020 [{'AlertMessage': 'Lane type updated successfully;'}]
2024-03-26 19:48:03,023 [{'AlertMessage': 'Lane type updated successfully;'}]
2024-03-26 19:48:05,094 [{'AlertMessage': 'Lane direction updated successfully;'}]
2024-03-26 19:48:05,098 [{'AlertMessage': 'Lane direction updated successfully;'}]
2024-03-26 19:48:05,102 [{'AlertMessage': 'Lane direction updated successfully;'}]
2024-03-26 19:48:05,106 [{'AlertMessage': 'Lane direction updated successfully;'}]
2024-03-26 19:48:05,111 [{'AlertMessage': 'Lane direction updated successfully;'}]
2024-03-26 19:48:05,117 [{'AlertMessage': 'Lane direction updated successfully;'}]
2024-03-26 19:48:05,121 [{'AlertMessage': 'Lane direction updated successfully;'}]
2024-03-26 19:48:05,126 [{'AlertMessage': 'Lane direction updated successfully;'}]
2024-03-26 19:48:07,210 [{'AlertMessage': 'Transaction type updated successfully;'}]
2024-03-26 19:48:07,213 [{'AlertMessage': 'Transaction type updated successfully;'}]
2024-03-26 19:48:07,216 [{'AlertMessage': 'Transaction type updated successfully;'}]
2024-03-26 19:48:07,220 [{'AlertMessage': 'Transaction type updated successfully;'}]
2024-03-26 19:48:09,301 [{'AlertMessage': 'Payment type updated successfully;'}]
2024-03-26 19:48:09,305 [{'AlertMessage': 'Payment type updated successfully;'}]
2024-03-26 19:48:09,308 [{'AlertMessage': 'Payment type updated successfully;'}]
2024-03-26 19:48:09,311 [{'AlertMessage': 'Payment type updated successfully;'}]
2024-03-26 19:48:09,314 [{'AlertMessage': 'Payment type updated successfully;'}]
2024-03-26 19:48:11,387 [{'AlertMessage': 'Exempt type updated successfully;'}]
2024-03-26 19:48:11,391 [{'AlertMessage': 'Exempt type updated successfully;'}]
2024-03-26 19:48:11,394 [{'AlertMessage': 'Exempt type updated successfully;'}]
2024-03-26 19:48:11,398 [{'AlertMessage': 'Exempt type updated successfully;'}]
2024-03-26 19:48:11,402 [{'AlertMessage': 'Exempt type updated successfully;'}]
2024-03-26 19:48:11,406 [{'AlertMessage': 'Exempt type updated successfully;'}]
2024-03-26 19:48:11,410 [{'AlertMessage': 'Exempt type updated successfully;'}]
2024-03-26 19:48:11,413 [{'AlertMessage': 'Exempt type updated successfully;'}]
2024-03-26 19:48:11,416 [{'AlertMessage': 'Exempt type updated successfully;'}]
2024-03-26 19:48:13,472 [{'AlertMessage': 'Shift timing updated successfully;'}]
2024-03-26 19:48:13,476 [{'AlertMessage': 'Shift timing updated successfully;'}]
2024-03-26 19:48:13,479 [{'AlertMessage': 'Shift timing updated successfully;'}]
2024-03-26 19:48:15,546 [{'AlertMessage': 'Denomination updated successfully;'}]
2024-03-26 19:48:15,549 [{'AlertMessage': 'Denomination updated successfully;'}]
2024-03-26 19:48:15,552 [{'AlertMessage': 'Denomination updated successfully;'}]
2024-03-26 19:48:15,555 [{'AlertMessage': 'Denomination updated successfully;'}]
2024-03-26 19:48:15,560 [{'AlertMessage': 'Denomination updated successfully;'}]
2024-03-26 19:48:15,564 [{'AlertMessage': 'Denomination updated successfully;'}]
2024-03-26 19:48:15,569 [{'AlertMessage': 'Denomination updated successfully;'}]
2024-03-26 19:48:15,572 [{'AlertMessage': 'Denomination updated successfully;'}]
2024-03-26 19:48:15,575 [{'AlertMessage': 'Denomination updated successfully;'}]
2024-03-26 19:48:17,652 [{'AlertMessage': 'Equipment type updated successfully;'}]
2024-03-26 19:48:17,664 [{'AlertMessage': 'Equipment type updated successfully;'}]
2024-03-26 19:48:17,669 [{'AlertMessage': 'Equipment type updated successfully;'}]
2024-03-26 19:48:17,675 [{'AlertMessage': 'Equipment type updated successfully;'}]
2024-03-26 19:48:17,679 [{'AlertMessage': 'Equipment type updated successfully;'}]
2024-03-26 19:48:17,682 [{'AlertMessage': 'Equipment type updated successfully;'}]
2024-03-26 19:48:17,688 [{'AlertMessage': 'Equipment type updated successfully;'}]
2024-03-26 19:48:17,692 [{'AlertMessage': 'Equipment type updated successfully;'}]
2024-03-26 19:48:17,697 [{'AlertMessage': 'Equipment type updated successfully;'}]
2024-03-26 19:48:17,700 [{'AlertMessage': 'Equipment type updated successfully;'}]
2024-03-26 19:48:17,707 [{'AlertMessage': 'Equipment type updated successfully;'}]
2024-03-26 19:48:17,710 [{'AlertMessage': 'Equipment type updated successfully;'}]
2024-03-26 19:48:17,714 [{'AlertMessage': 'Equipment type updated successfully;'}]
2024-03-26 19:48:17,721 [{'AlertMessage': 'Equipment type updated successfully;'}]
2024-03-26 19:48:17,728 [{'AlertMessage': 'Equipment type updated successfully;'}]
2024-03-26 19:48:17,732 [{'AlertMessage': 'Equipment type updated successfully;'}]
2024-03-26 19:48:17,736 [{'AlertMessage': 'Equipment type updated successfully;'}]
2024-03-26 19:48:17,740 [{'AlertMessage': 'Equipment type updated successfully;'}]
2024-03-26 19:48:17,747 [{'AlertMessage': 'Equipment type updated successfully;'}]
2024-03-26 19:48:17,751 [{'AlertMessage': 'Equipment type updated successfully;'}]
2024-03-26 19:48:17,758 [{'AlertMessage': 'Equipment type updated successfully;'}]
2024-03-26 19:48:17,762 [{'AlertMessage': 'Equipment type updated successfully;'}]
2024-03-26 19:48:17,766 [{'AlertMessage': 'Equipment type updated successfully;'}]
2024-03-26 19:48:17,770 [{'AlertMessage': 'Equipment type updated successfully;'}]
2024-03-26 19:48:17,774 [{'AlertMessage': 'Equipment type updated successfully;'}]
2024-03-26 19:48:19,863 [{'AlertMessage': 'Protocol type updated successfully;'}]
2024-03-26 19:48:19,867 [{'AlertMessage': 'Protocol type updated successfully;'}]
2024-03-26 19:48:19,870 [{'AlertMessage': 'Protocol type updated successfully;'}]
2024-03-26 19:48:19,874 [{'AlertMessage': 'Protocol type updated successfully;'}]
2024-03-26 19:48:19,878 [{'AlertMessage': 'Protocol type updated successfully;'}]
2024-03-26 19:48:19,882 [{'AlertMessage': 'Protocol type updated successfully;'}]
2024-03-26 19:48:19,886 [{'AlertMessage': 'Protocol type updated successfully;'}]
2024-03-26 19:48:21,968 [{'AlertMessage': 'Manufacturer updated successfully;'}]
2024-03-26 19:48:21,971 [{'AlertMessage': 'Manufacturer updated successfully;'}]
2024-03-26 19:48:21,974 [{'AlertMessage': 'Manufacturer updated successfully;'}]
2024-03-26 19:48:21,978 [{'AlertMessage': 'Manufacturer updated successfully;'}]
2024-03-26 19:48:21,982 [{'AlertMessage': 'Manufacturer updated successfully;'}]
2024-03-26 19:48:21,986 [{'AlertMessage': 'Manufacturer updated successfully;'}]
2024-03-26 19:48:21,990 [{'AlertMessage': 'Manufacturer updated successfully;'}]
2024-03-26 19:48:21,993 [{'AlertMessage': 'Manufacturer updated successfully;'}]
2024-03-26 19:48:21,997 [{'AlertMessage': 'Manufacturer updated successfully;'}]
2024-03-26 19:48:22,001 [{'AlertMessage': 'Manufacturer updated successfully;'}]
2024-03-26 19:48:22,005 [{'AlertMessage': 'Manufacturer updated successfully;'}]
2024-03-26 19:48:22,009 [{'AlertMessage': 'Manufacturer updated successfully;'}]
2024-03-26 19:48:22,013 [{'AlertMessage': 'Manufacturer updated successfully;'}]
2024-03-26 19:48:22,018 [{'AlertMessage': 'Manufacturer updated successfully;'}]
2024-03-26 19:48:22,022 [{'AlertMessage': 'Manufacturer updated successfully;'}]
2024-03-26 19:48:24,103 [{'AlertMessage': 'FasTag vehicle class updated successfully;'}]
2024-03-26 19:48:24,107 [{'AlertMessage': 'FasTag vehicle class updated successfully;'}]
2024-03-26 19:48:24,110 [{'AlertMessage': 'FasTag vehicle class updated successfully;'}]
2024-03-26 19:48:24,114 [{'AlertMessage': 'FasTag vehicle class updated successfully;'}]
2024-03-26 19:48:24,119 [{'AlertMessage': 'FasTag vehicle class updated successfully;'}]
2024-03-26 19:48:24,123 [{'AlertMessage': 'FasTag vehicle class updated successfully;'}]
2024-03-26 19:48:24,127 [{'AlertMessage': 'FasTag vehicle class updated successfully;'}]
2024-03-26 19:48:24,130 [{'AlertMessage': 'FasTag vehicle class updated successfully;'}]
2024-03-26 19:48:24,134 [{'AlertMessage': 'FasTag vehicle class updated successfully;'}]
2024-03-26 19:48:24,139 [{'AlertMessage': 'FasTag vehicle class updated successfully;'}]
2024-03-26 19:48:24,142 [{'AlertMessage': 'FasTag vehicle class updated successfully;'}]
2024-03-26 19:48:24,147 [{'AlertMessage': 'FasTag vehicle class updated successfully;'}]
2024-03-26 19:48:24,151 [{'AlertMessage': 'FasTag vehicle class updated successfully;'}]
2024-03-26 19:48:24,156 [{'AlertMessage': 'FasTag vehicle class updated successfully;'}]
2024-03-26 19:48:24,160 [{'AlertMessage': 'FasTag vehicle class updated successfully;'}]
2024-03-26 19:48:24,164 [{'AlertMessage': 'FasTag vehicle class updated successfully;'}]
2024-03-26 19:48:24,168 [{'AlertMessage': 'FasTag vehicle class updated successfully;'}]
2024-03-26 19:48:26,238 [{'AlertMessage': 'SI updated successfully'}]
2024-03-26 19:48:28,293 [{'AlertMessage': 'System vehicle class updated successfully;'}]
2024-03-26 19:48:28,296 [{'AlertMessage': 'System vehicle class updated successfully;'}]
2024-03-26 19:48:28,299 [{'AlertMessage': 'System vehicle class updated successfully;'}]
2024-03-26 19:48:28,303 [{'AlertMessage': 'System vehicle class updated successfully;'}]
2024-03-26 19:48:28,307 [{'AlertMessage': 'System vehicle class updated successfully;'}]
2024-03-26 19:48:28,311 [{'AlertMessage': 'System vehicle class updated successfully;'}]
2024-03-26 19:48:28,315 [{'AlertMessage': 'System vehicle class updated successfully;'}]
2024-03-26 19:48:28,320 [{'AlertMessage': 'System vehicle class updated successfully;'}]
2024-03-26 19:48:28,328 [{'AlertMessage': 'System vehicle class updated successfully;'}]
2024-03-26 19:48:30,388 [{'AlertMessage': 'System vehicle sub class updated successfully;'}]
2024-03-26 19:48:30,392 [{'AlertMessage': 'System vehicle sub class updated successfully;'}]
2024-03-26 19:48:30,396 [{'AlertMessage': 'System vehicle sub class updated successfully;'}]
2024-03-26 19:48:30,399 [{'AlertMessage': 'System vehicle sub class updated successfully;'}]
2024-03-26 19:48:30,404 [{'AlertMessage': 'System vehicle sub class updated successfully;'}]
2024-03-26 19:48:30,407 [{'AlertMessage': 'System vehicle sub class updated successfully;'}]
2024-03-26 19:48:30,412 [{'AlertMessage': 'System vehicle sub class updated successfully;'}]
2024-03-26 19:48:30,415 [{'AlertMessage': 'System vehicle sub class updated successfully;'}]
2024-03-26 19:48:30,418 [{'AlertMessage': 'System vehicle sub class updated successfully;'}]
2024-03-26 19:48:30,423 [{'AlertMessage': 'System vehicle sub class updated successfully;'}]
2024-03-26 19:48:30,426 [{'AlertMessage': 'System vehicle sub class updated successfully;'}]
2024-03-26 19:48:30,430 [{'AlertMessage': 'System vehicle sub class updated successfully;'}]
2024-03-26 19:48:30,433 [{'AlertMessage': 'System vehicle sub class updated successfully;'}]
2024-03-26 19:48:30,438 [{'AlertMessage': 'System vehicle sub class updated successfully;'}]
2024-03-26 19:48:30,441 [{'AlertMessage': 'System vehicle sub class updated successfully;'}]
2024-03-26 19:48:30,445 [{'AlertMessage': 'System vehicle sub class updated successfully;'}]
2024-03-26 19:48:30,448 [{'AlertMessage': 'System vehicle sub class updated successfully;'}]
2024-03-26 19:48:32,544 [{'AlertMessage': 'User updated successfully;'}]
2024-03-26 19:48:34,613 [{'AlertMessage': 'System setting updated successfully;'}]
2024-03-26 19:48:36,694 [{'AlertMessage': 'Plaza updated successfully;'}]
2024-03-26 19:48:38,779 [{'AlertMessage': 'Lane updated successfully;'}]
2024-03-26 19:48:40,841 [{'AlertMessage': 'Equipment updated successfully;'}]
2024-03-26 19:48:40,845 [{'AlertMessage': 'Equipment updated successfully;'}]
2024-03-26 19:48:40,849 [{'AlertMessage': 'Equipment updated successfully;'}]
2024-03-26 19:48:40,854 [{'AlertMessage': 'Equipment updated successfully;'}]
2024-03-26 19:48:40,860 [{'AlertMessage': 'Equipment updated successfully;'}]
2024-03-26 19:48:40,865 [{'AlertMessage': 'Equipment updated successfully;'}]
2024-03-26 19:48:40,870 [{'AlertMessage': 'Equipment updated successfully;'}]
2024-03-26 19:48:40,875 [{'AlertMessage': 'Equipment updated successfully;'}]
2024-03-26 19:48:40,880 [{'AlertMessage': 'Equipment updated successfully;'}]
2024-03-26 19:48:40,884 [{'AlertMessage': 'Equipment updated successfully;'}]
2024-03-26 19:48:40,889 [{'AlertMessage': 'Equipment updated successfully;'}]
2024-03-26 19:48:40,894 [{'AlertMessage': 'Equipment updated successfully;'}]
2024-03-26 19:48:42,984 [{'AlertMessage': 'Cannot update toll fare. EffectedFrom must be greater than the current date;'}]
2024-03-26 19:48:45,065 [{'AlertMessage': 'Cannot update toll fare. EffectedFrom must be greater than the current date;'}]
2024-03-26 19:51:02,122 File 'C:\ProjectConfig\TMSLane\MasterConfig\ProjectConfiguration.json' updated successfully.
2024-03-26 19:51:04,204 [{'AlertMessage': 'Data status updated successfully;'}]
2024-03-26 19:51:04,208 [{'AlertMessage': 'Data status updated successfully;'}]
2024-03-26 19:51:04,211 [{'AlertMessage': 'Data status updated successfully;'}]
2024-03-26 19:51:14,407 [{'AlertMessage': 'Lane mode updated successfully;'}]
2024-03-26 19:51:14,418 [{'AlertMessage': 'Lane mode updated successfully;'}]
2024-03-26 19:51:16,502 [{'AlertMessage': 'Lane point updated successfully;'}]
2024-03-26 19:51:16,506 [{'AlertMessage': 'Lane point updated successfully;'}]
2024-03-26 19:51:16,510 [{'AlertMessage': 'Lane point updated successfully;'}]
2024-03-26 19:51:18,573 [{'AlertMessage': 'Lane position updated successfully;'}]
2024-03-26 19:51:18,576 [{'AlertMessage': 'Lane position updated successfully;'}]
2024-03-26 19:51:20,640 [{'AlertMessage': 'Lane status updated successfully;'}]
2024-03-26 19:51:20,644 [{'AlertMessage': 'Lane status updated successfully;'}]
2024-03-26 19:51:22,715 [{'AlertMessage': 'Lane type updated successfully;'}]
2024-03-26 19:51:22,719 [{'AlertMessage': 'Lane type updated successfully;'}]
2024-03-26 19:51:22,722 [{'AlertMessage': 'Lane type updated successfully;'}]
2024-03-26 19:51:24,787 [{'AlertMessage': 'Lane direction updated successfully;'}]
2024-03-26 19:51:24,791 [{'AlertMessage': 'Lane direction updated successfully;'}]
2024-03-26 19:51:24,794 [{'AlertMessage': 'Lane direction updated successfully;'}]
2024-03-26 19:51:24,798 [{'AlertMessage': 'Lane direction updated successfully;'}]
2024-03-26 19:51:24,802 [{'AlertMessage': 'Lane direction updated successfully;'}]
2024-03-26 19:51:24,806 [{'AlertMessage': 'Lane direction updated successfully;'}]
2024-03-26 19:51:24,810 [{'AlertMessage': 'Lane direction updated successfully;'}]
2024-03-26 19:51:24,813 [{'AlertMessage': 'Lane direction updated successfully;'}]
2024-03-26 19:51:26,884 [{'AlertMessage': 'Transaction type updated successfully;'}]
2024-03-26 19:51:26,887 [{'AlertMessage': 'Transaction type updated successfully;'}]
2024-03-26 19:51:26,891 [{'AlertMessage': 'Transaction type updated successfully;'}]
2024-03-26 19:51:26,895 [{'AlertMessage': 'Transaction type updated successfully;'}]
2024-03-26 19:51:28,956 [{'AlertMessage': 'Payment type updated successfully;'}]
2024-03-26 19:51:28,960 [{'AlertMessage': 'Payment type updated successfully;'}]
2024-03-26 19:51:28,965 [{'AlertMessage': 'Payment type updated successfully;'}]
2024-03-26 19:51:28,968 [{'AlertMessage': 'Payment type updated successfully;'}]
2024-03-26 19:51:28,972 [{'AlertMessage': 'Payment type updated successfully;'}]
2024-03-26 19:51:31,053 [{'AlertMessage': 'Exempt type updated successfully;'}]
2024-03-26 19:51:31,057 [{'AlertMessage': 'Exempt type updated successfully;'}]
2024-03-26 19:51:31,061 [{'AlertMessage': 'Exempt type updated successfully;'}]
2024-03-26 19:51:31,064 [{'AlertMessage': 'Exempt type updated successfully;'}]
2024-03-26 19:51:31,067 [{'AlertMessage': 'Exempt type updated successfully;'}]
2024-03-26 19:51:31,071 [{'AlertMessage': 'Exempt type updated successfully;'}]
2024-03-26 19:51:31,075 [{'AlertMessage': 'Exempt type updated successfully;'}]
2024-03-26 19:51:31,079 [{'AlertMessage': 'Exempt type updated successfully;'}]
2024-03-26 19:51:31,083 [{'AlertMessage': 'Exempt type updated successfully;'}]
2024-03-26 19:51:33,160 [{'AlertMessage': 'Shift timing updated successfully;'}]
2024-03-26 19:51:33,164 [{'AlertMessage': 'Shift timing updated successfully;'}]
2024-03-26 19:51:33,167 [{'AlertMessage': 'Shift timing updated successfully;'}]
2024-03-26 19:51:35,234 [{'AlertMessage': 'Denomination updated successfully;'}]
2024-03-26 19:51:35,238 [{'AlertMessage': 'Denomination updated successfully;'}]
2024-03-26 19:51:35,240 [{'AlertMessage': 'Denomination updated successfully;'}]
2024-03-26 19:51:35,244 [{'AlertMessage': 'Denomination updated successfully;'}]
2024-03-26 19:51:35,248 [{'AlertMessage': 'Denomination updated successfully;'}]
2024-03-26 19:51:35,251 [{'AlertMessage': 'Denomination updated successfully;'}]
2024-03-26 19:51:35,256 [{'AlertMessage': 'Denomination updated successfully;'}]
2024-03-26 19:51:35,260 [{'AlertMessage': 'Denomination updated successfully;'}]
2024-03-26 19:51:35,264 [{'AlertMessage': 'Denomination updated successfully;'}]
2024-03-26 19:51:37,338 [{'AlertMessage': 'Equipment type updated successfully;'}]
2024-03-26 19:51:37,342 [{'AlertMessage': 'Equipment type updated successfully;'}]
2024-03-26 19:51:37,346 [{'AlertMessage': 'Equipment type updated successfully;'}]
2024-03-26 19:51:37,349 [{'AlertMessage': 'Equipment type updated successfully;'}]
2024-03-26 19:51:37,353 [{'AlertMessage': 'Equipment type updated successfully;'}]
2024-03-26 19:51:37,357 [{'AlertMessage': 'Equipment type updated successfully;'}]
2024-03-26 19:51:37,362 [{'AlertMessage': 'Equipment type updated successfully;'}]
2024-03-26 19:51:37,365 [{'AlertMessage': 'Equipment type updated successfully;'}]
2024-03-26 19:51:37,369 [{'AlertMessage': 'Equipment type updated successfully;'}]
2024-03-26 19:51:37,374 [{'AlertMessage': 'Equipment type updated successfully;'}]
2024-03-26 19:51:37,378 [{'AlertMessage': 'Equipment type updated successfully;'}]
2024-03-26 19:51:37,383 [{'AlertMessage': 'Equipment type updated successfully;'}]
2024-03-26 19:51:37,387 [{'AlertMessage': 'Equipment type updated successfully;'}]
2024-03-26 19:51:37,391 [{'AlertMessage': 'Equipment type updated successfully;'}]
2024-03-26 19:51:37,395 [{'AlertMessage': 'Equipment type updated successfully;'}]
2024-03-26 19:51:37,398 [{'AlertMessage': 'Equipment type updated successfully;'}]
2024-03-26 19:51:37,402 [{'AlertMessage': 'Equipment type updated successfully;'}]
2024-03-26 19:51:37,408 [{'AlertMessage': 'Equipment type updated successfully;'}]
2024-03-26 19:51:37,412 [{'AlertMessage': 'Equipment type updated successfully;'}]
2024-03-26 19:51:37,415 [{'AlertMessage': 'Equipment type updated successfully;'}]
2024-03-26 19:51:37,420 [{'AlertMessage': 'Equipment type updated successfully;'}]
2024-03-26 19:51:37,424 [{'AlertMessage': 'Equipment type updated successfully;'}]
2024-03-26 19:51:37,429 [{'AlertMessage': 'Equipment type updated successfully;'}]
2024-03-26 19:51:37,433 [{'AlertMessage': 'Equipment type updated successfully;'}]
2024-03-26 19:51:37,438 [{'AlertMessage': 'Equipment type updated successfully;'}]
2024-03-26 19:51:39,514 [{'AlertMessage': 'Protocol type updated successfully;'}]
2024-03-26 19:51:39,518 [{'AlertMessage': 'Protocol type updated successfully;'}]
2024-03-26 19:51:39,521 [{'AlertMessage': 'Protocol type updated successfully;'}]
2024-03-26 19:51:39,524 [{'AlertMessage': 'Protocol type updated successfully;'}]
2024-03-26 19:51:39,529 [{'AlertMessage': 'Protocol type updated successfully;'}]
2024-03-26 19:51:39,532 [{'AlertMessage': 'Protocol type updated successfully;'}]
2024-03-26 19:51:39,536 [{'AlertMessage': 'Protocol type updated successfully;'}]
2024-03-26 19:51:41,611 [{'AlertMessage': 'Manufacturer updated successfully;'}]
2024-03-26 19:51:41,615 [{'AlertMessage': 'Manufacturer updated successfully;'}]
2024-03-26 19:51:41,618 [{'AlertMessage': 'Manufacturer updated successfully;'}]
2024-03-26 19:51:41,621 [{'AlertMessage': 'Manufacturer updated successfully;'}]
2024-03-26 19:51:41,625 [{'AlertMessage': 'Manufacturer updated successfully;'}]
2024-03-26 19:51:41,630 [{'AlertMessage': 'Manufacturer updated successfully;'}]
2024-03-26 19:51:41,633 [{'AlertMessage': 'Manufacturer updated successfully;'}]
2024-03-26 19:51:41,637 [{'AlertMessage': 'Manufacturer updated successfully;'}]
2024-03-26 19:51:41,641 [{'AlertMessage': 'Manufacturer updated successfully;'}]
2024-03-26 19:51:41,645 [{'AlertMessage': 'Manufacturer updated successfully;'}]
2024-03-26 19:51:41,649 [{'AlertMessage': 'Manufacturer updated successfully;'}]
2024-03-26 19:51:41,652 [{'AlertMessage': 'Manufacturer updated successfully;'}]
2024-03-26 19:51:41,656 [{'AlertMessage': 'Manufacturer updated successfully;'}]
2024-03-26 19:51:41,660 [{'AlertMessage': 'Manufacturer updated successfully;'}]
2024-03-26 19:51:41,664 [{'AlertMessage': 'Manufacturer updated successfully;'}]
2024-03-26 19:51:43,753 [{'AlertMessage': 'FasTag vehicle class updated successfully;'}]
2024-03-26 19:51:43,757 [{'AlertMessage': 'FasTag vehicle class updated successfully;'}]
2024-03-26 19:51:43,761 [{'AlertMessage': 'FasTag vehicle class updated successfully;'}]
2024-03-26 19:51:43,765 [{'AlertMessage': 'FasTag vehicle class updated successfully;'}]
2024-03-26 19:51:43,770 [{'AlertMessage': 'FasTag vehicle class updated successfully;'}]
2024-03-26 19:51:43,775 [{'AlertMessage': 'FasTag vehicle class updated successfully;'}]
2024-03-26 19:51:43,780 [{'AlertMessage': 'FasTag vehicle class updated successfully;'}]
2024-03-26 19:51:43,785 [{'AlertMessage': 'FasTag vehicle class updated successfully;'}]
2024-03-26 19:51:43,790 [{'AlertMessage': 'FasTag vehicle class updated successfully;'}]
2024-03-26 19:51:43,795 [{'AlertMessage': 'FasTag vehicle class updated successfully;'}]
2024-03-26 19:51:43,799 [{'AlertMessage': 'FasTag vehicle class updated successfully;'}]
2024-03-26 19:51:43,804 [{'AlertMessage': 'FasTag vehicle class updated successfully;'}]
2024-03-26 19:51:43,808 [{'AlertMessage': 'FasTag vehicle class updated successfully;'}]
2024-03-26 19:51:43,812 [{'AlertMessage': 'FasTag vehicle class updated successfully;'}]
2024-03-26 19:51:43,817 [{'AlertMessage': 'FasTag vehicle class updated successfully;'}]
2024-03-26 19:51:43,821 [{'AlertMessage': 'FasTag vehicle class updated successfully;'}]
2024-03-26 19:51:43,825 [{'AlertMessage': 'FasTag vehicle class updated successfully;'}]
2024-03-26 19:51:45,904 [{'AlertMessage': 'SI updated successfully'}]
2024-03-26 19:51:47,983 [{'AlertMessage': 'System vehicle class updated successfully;'}]
2024-03-26 19:51:47,987 [{'AlertMessage': 'System vehicle class updated successfully;'}]
2024-03-26 19:51:47,991 [{'AlertMessage': 'System vehicle class updated successfully;'}]
2024-03-26 19:51:47,996 [{'AlertMessage': 'System vehicle class updated successfully;'}]
2024-03-26 19:51:48,000 [{'AlertMessage': 'System vehicle class updated successfully;'}]
2024-03-26 19:51:48,004 [{'AlertMessage': 'System vehicle class updated successfully;'}]
2024-03-26 19:51:48,008 [{'AlertMessage': 'System vehicle class updated successfully;'}]
2024-03-26 19:51:48,013 [{'AlertMessage': 'System vehicle class updated successfully;'}]
2024-03-26 19:51:48,017 [{'AlertMessage': 'System vehicle class updated successfully;'}]
2024-03-26 19:51:50,080 [{'AlertMessage': 'System vehicle sub class updated successfully;'}]
2024-03-26 19:51:50,083 [{'AlertMessage': 'System vehicle sub class updated successfully;'}]
2024-03-26 19:51:50,088 [{'AlertMessage': 'System vehicle sub class updated successfully;'}]
2024-03-26 19:51:50,091 [{'AlertMessage': 'System vehicle sub class updated successfully;'}]
2024-03-26 19:51:50,095 [{'AlertMessage': 'System vehicle sub class updated successfully;'}]
2024-03-26 19:51:50,098 [{'AlertMessage': 'System vehicle sub class updated successfully;'}]
2024-03-26 19:51:50,103 [{'AlertMessage': 'System vehicle sub class updated successfully;'}]
2024-03-26 19:51:50,107 [{'AlertMessage': 'System vehicle sub class updated successfully;'}]
2024-03-26 19:51:50,111 [{'AlertMessage': 'System vehicle sub class updated successfully;'}]
2024-03-26 19:51:50,115 [{'AlertMessage': 'System vehicle sub class updated successfully;'}]
2024-03-26 19:51:50,119 [{'AlertMessage': 'System vehicle sub class updated successfully;'}]
2024-03-26 19:51:50,123 [{'AlertMessage': 'System vehicle sub class updated successfully;'}]
2024-03-26 19:51:50,127 [{'AlertMessage': 'System vehicle sub class updated successfully;'}]
2024-03-26 19:51:50,130 [{'AlertMessage': 'System vehicle sub class updated successfully;'}]
2024-03-26 19:51:50,134 [{'AlertMessage': 'System vehicle sub class updated successfully;'}]
2024-03-26 19:51:50,138 [{'AlertMessage': 'System vehicle sub class updated successfully;'}]
2024-03-26 19:51:50,142 [{'AlertMessage': 'System vehicle sub class updated successfully;'}]
2024-03-26 19:51:52,219 [{'AlertMessage': 'User updated successfully;'}]
2024-03-26 19:51:54,286 [{'AlertMessage': 'System setting updated successfully;'}]
2024-03-26 19:51:56,354 [{'AlertMessage': 'Plaza updated successfully;'}]
2024-03-26 19:51:58,434 [{'AlertMessage': 'Lane updated successfully;'}]
2024-03-26 19:52:00,506 [{'AlertMessage': 'Equipment updated successfully;'}]
2024-03-26 19:52:00,511 [{'AlertMessage': 'Equipment updated successfully;'}]
2024-03-26 19:52:00,516 [{'AlertMessage': 'Equipment updated successfully;'}]
2024-03-26 19:52:00,521 [{'AlertMessage': 'Equipment updated successfully;'}]
2024-03-26 19:52:00,527 [{'AlertMessage': 'Equipment updated successfully;'}]
2024-03-26 19:52:00,531 [{'AlertMessage': 'Equipment updated successfully;'}]
2024-03-26 19:52:00,536 [{'AlertMessage': 'Equipment updated successfully;'}]
2024-03-26 19:52:00,540 [{'AlertMessage': 'Equipment updated successfully;'}]
2024-03-26 19:52:00,544 [{'AlertMessage': 'Equipment updated successfully;'}]
2024-03-26 19:52:00,549 [{'AlertMessage': 'Equipment updated successfully;'}]
2024-03-26 19:52:00,554 [{'AlertMessage': 'Equipment updated successfully;'}]
2024-03-26 19:52:00,560 [{'AlertMessage': 'Equipment updated successfully;'}]
2024-03-26 19:52:02,659 [{'AlertMessage': 'Cannot update toll fare. EffectedFrom must be greater than the current date;'}]
2024-03-26 19:52:04,746 [{'AlertMessage': 'Cannot update toll fare. EffectedFrom must be greater than the current date;'}]
2024-03-26 19:55:43,761 File 'C:\ProjectConfig\TMSLane\MasterConfig\ProjectConfiguration.json' updated successfully.
2024-03-26 19:55:45,843 [{'AlertMessage': 'Data status updated successfully;'}]
2024-03-26 19:55:45,847 [{'AlertMessage': 'Data status updated successfully;'}]
2024-03-26 19:55:45,850 [{'AlertMessage': 'Data status updated successfully;'}]
2024-03-26 19:55:47,919 [{'AlertMessage': 'Lane mode updated successfully;'}]
2024-03-26 19:55:47,922 [{'AlertMessage': 'Lane mode updated successfully;'}]
2024-03-26 19:55:49,980 [{'AlertMessage': 'Lane point updated successfully;'}]
2024-03-26 19:55:49,985 [{'AlertMessage': 'Lane point updated successfully;'}]
2024-03-26 19:55:49,989 [{'AlertMessage': 'Lane point updated successfully;'}]
2024-03-26 19:55:52,036 [{'AlertMessage': 'Lane position updated successfully;'}]
2024-03-26 19:55:52,041 [{'AlertMessage': 'Lane position updated successfully;'}]
2024-03-26 19:55:54,110 [{'AlertMessage': 'Lane status updated successfully;'}]
2024-03-26 19:55:54,114 [{'AlertMessage': 'Lane status updated successfully;'}]
2024-03-26 19:55:56,198 [{'AlertMessage': 'Lane type updated successfully;'}]
2024-03-26 19:55:56,202 [{'AlertMessage': 'Lane type updated successfully;'}]
2024-03-26 19:55:56,205 [{'AlertMessage': 'Lane type updated successfully;'}]
2024-03-26 19:55:58,291 [{'AlertMessage': 'Lane direction updated successfully;'}]
2024-03-26 19:55:58,294 [{'AlertMessage': 'Lane direction updated successfully;'}]
2024-03-26 19:55:58,298 [{'AlertMessage': 'Lane direction updated successfully;'}]
2024-03-26 19:55:58,302 [{'AlertMessage': 'Lane direction updated successfully;'}]
2024-03-26 19:55:58,306 [{'AlertMessage': 'Lane direction updated successfully;'}]
2024-03-26 19:55:58,311 [{'AlertMessage': 'Lane direction updated successfully;'}]
2024-03-26 19:55:58,315 [{'AlertMessage': 'Lane direction updated successfully;'}]
2024-03-26 19:55:58,318 [{'AlertMessage': 'Lane direction updated successfully;'}]
2024-03-26 19:56:00,392 [{'AlertMessage': 'Transaction type updated successfully;'}]
2024-03-26 19:56:00,395 [{'AlertMessage': 'Transaction type updated successfully;'}]
2024-03-26 19:56:00,399 [{'AlertMessage': 'Transaction type updated successfully;'}]
2024-03-26 19:56:00,403 [{'AlertMessage': 'Transaction type updated successfully;'}]
2024-03-26 19:56:02,489 [{'AlertMessage': 'Payment type updated successfully;'}]
2024-03-26 19:56:02,492 [{'AlertMessage': 'Payment type updated successfully;'}]
2024-03-26 19:56:02,495 [{'AlertMessage': 'Payment type updated successfully;'}]
2024-03-26 19:56:02,499 [{'AlertMessage': 'Payment type updated successfully;'}]
2024-03-26 19:56:02,502 [{'AlertMessage': 'Payment type updated successfully;'}]
2024-03-26 19:56:04,577 [{'AlertMessage': 'Exempt type updated successfully;'}]
2024-03-26 19:56:04,581 [{'AlertMessage': 'Exempt type updated successfully;'}]
2024-03-26 19:56:04,585 [{'AlertMessage': 'Exempt type updated successfully;'}]
2024-03-26 19:56:04,589 [{'AlertMessage': 'Exempt type updated successfully;'}]
2024-03-26 19:56:04,592 [{'AlertMessage': 'Exempt type updated successfully;'}]
2024-03-26 19:56:04,597 [{'AlertMessage': 'Exempt type updated successfully;'}]
2024-03-26 19:56:04,600 [{'AlertMessage': 'Exempt type updated successfully;'}]
2024-03-26 19:56:04,604 [{'AlertMessage': 'Exempt type updated successfully;'}]
2024-03-26 19:56:04,609 [{'AlertMessage': 'Exempt type updated successfully;'}]
2024-03-26 19:56:06,674 [{'AlertMessage': 'Shift timing updated successfully;'}]
2024-03-26 19:56:06,678 [{'AlertMessage': 'Shift timing updated successfully;'}]
2024-03-26 19:56:06,681 [{'AlertMessage': 'Shift timing updated successfully;'}]
