2024-03-27 12:24:12,749 Error in printer: Device not found (Unable to open USB printer on ('0x154F', '0x1300'):
USB device not found (Device ('0x154F', '0x1300') not found or cable not plugged in.))
2024-03-27 12:25:09,696 Error in printer: Device not found (Unable to open USB printer on ('0x154F', '0x1300'):
USB device not found (Device ('0x154F', '0x1300') not found or cable not plugged in.))
2024-03-27 12:38:59,133 Error in printer: Device not found (Unable to open USB printer on ('0x154F', '0x1300'):
USB device not found (Device ('0x154F', '0x1300') not found or cable not plugged in.))
2024-03-27 12:45:38,983 Error in printer: Device not found (Unable to open USB printer on ('0x154F', '0x1300'):
USB device not found (Device ('0x154F', '0x1300') not found or cable not plugged in.))
2024-03-27 13:04:01,532 Error in printer: Device not found (Unable to open USB printer on ('0x154F', '0x1300'):
USB device not found (Device ('0x154F', '0x1300') not found or cable not plugged in.))
2024-03-27 13:10:41,403 Error in printer: Device not found (Unable to open USB printer on ('0x154F', '0x1300'):
USB device not found (Device ('0x154F', '0x1300') not found or cable not plugged in.))
2024-03-27 13:15:09,054 Error in printer: Device not found (Unable to open USB printer on ('0x154F', '0x1300'):
USB device not found (Device ('0x154F', '0x1300') not found or cable not plugged in.))
2024-03-27 13:28:57,069 Error in printer: Device not found (Unable to open USB printer on ('0x154F', '0x1300'):
USB device not found (Device ('0x154F', '0x1300') not found or cable not plugged in.))
2024-03-27 13:43:57,105 Error in printer: Device not found (Unable to open USB printer on ('0x154F', '0x1300'):
USB device not found (Device ('0x154F', '0x1300') not found or cable not plugged in.))
2024-03-27 13:54:51,930 Error in printer: Device not found (Unable to open USB printer on ('0x154F', '0x1300'):
USB device not found (Device ('0x154F', '0x1300') not found or cable not plugged in.))
2024-03-27 13:56:46,101 Error in printer: Device not found (Unable to open USB printer on ('0x154F', '0x1300'):
USB device not found (Device ('0x154F', '0x1300') not found or cable not plugged in.))
2024-03-27 16:10:00,820 Error in printer: Device not found (Unable to open USB printer on ('0x154F', '0x1300'):
USB device not found (Device ('0x154F', '0x1300') not found or cable not plugged in.))
2024-03-27 16:10:00,876 No Vehicle Class found in update_vc
2024-03-27 16:10:00,881 No toll fare found in update_tf
2024-03-27 16:43:57,008 Error in printer: Device not found (Unable to open USB printer on ('0x154F', '0x1300'):
USB device not found (Device ('0x154F', '0x1300') not found or cable not plugged in.))
2024-03-27 16:53:32,341 Error in printer: Device not found (Unable to open USB printer on ('0x154F', '0x1300'):
USB device not found (Device ('0x154F', '0x1300') not found or cable not plugged in.))
2024-03-27 16:54:24,481 Error in printer: Device not found (Unable to open USB printer on ('0x154F', '0x1300'):
USB device not found (Device ('0x154F', '0x1300') not found or cable not plugged in.))
2024-03-27 17:02:22,805 Error in printer: Device not found (Unable to open USB printer on ('0x154F', '0x1300'):
USB device not found (Device ('0x154F', '0x1300') not found or cable not plugged in.))
2024-03-27 18:19:45,221 Error in printer: Device not found (Unable to open USB printer on ('0x154F', '0x1300'):
USB device not found (Device ('0x154F', '0x1300') not found or cable not plugged in.))
2024-03-27 18:28:09,808 Error in printer: Device not found (Unable to open USB printer on ('0x154F', '0x1300'):
USB device not found (Device ('0x154F', '0x1300') not found or cable not plugged in.))
2024-03-27 18:29:45,449 Error in printer: Device not found (Unable to open USB printer on ('0x154F', '0x1300'):
USB device not found (Device ('0x154F', '0x1300') not found or cable not plugged in.))
2024-03-27 18:30:32,137 Error in printer: Device not found (Unable to open USB printer on ('0x154F', '0x1300'):
USB device not found (Device ('0x154F', '0x1300') not found or cable not plugged in.))
2024-03-27 18:34:53,042 Error in printer: Device not found (Unable to open USB printer on ('0x154F', '0x1300'):
USB device not found (Device ('0x154F', '0x1300') not found or cable not plugged in.))
2024-03-27 18:38:10,221 Error in printer: Device not found (Unable to open USB printer on ('0x154F', '0x1300'):
USB device not found (Device ('0x154F', '0x1300') not found or cable not plugged in.))
2024-03-27 18:39:33,695 Error in printer: Device not found (Unable to open USB printer on ('0x154F', '0x1300'):
USB device not found (Device ('0x154F', '0x1300') not found or cable not plugged in.))
2024-03-27 18:40:53,646 Error in printer: Device not found (Unable to open USB printer on ('0x154F', '0x1300'):
USB device not found (Device ('0x154F', '0x1300') not found or cable not plugged in.))
2024-03-27 18:44:56,387 Error in printer: Device not found (Unable to open USB printer on ('0x154F', '0x1300'):
USB device not found (Device ('0x154F', '0x1300') not found or cable not plugged in.))
2024-03-27 18:46:36,821 Error in printer: Device not found (Unable to open USB printer on ('0x154F', '0x1300'):
USB device not found (Device ('0x154F', '0x1300') not found or cable not plugged in.))
2024-03-27 18:48:46,616 Error in printer: Device not found (Unable to open USB printer on ('0x154F', '0x1300'):
USB device not found (Device ('0x154F', '0x1300') not found or cable not plugged in.))
2024-03-27 18:50:08,259 Error in printer: Device not found (Unable to open USB printer on ('0x154F', '0x1300'):
USB device not found (Device ('0x154F', '0x1300') not found or cable not plugged in.))
2024-03-27 18:50:47,423 Error in printer: Device not found (Unable to open USB printer on ('0x154F', '0x1300'):
USB device not found (Device ('0x154F', '0x1300') not found or cable not plugged in.))
2024-03-27 18:53:24,600 Error in printer: Device not found (Unable to open USB printer on ('0x154F', '0x1300'):
USB device not found (Device ('0x154F', '0x1300') not found or cable not plugged in.))
2024-03-27 19:01:33,349 Error in printer: Device not found (Unable to open USB printer on ('0x154F', '0x1300'):
USB device not found (Device ('0x154F', '0x1300') not found or cable not plugged in.))
2024-03-27 19:02:56,175 Error in printer: Device not found (Unable to open USB printer on ('0x154F', '0x1300'):
USB device not found (Device ('0x154F', '0x1300') not found or cable not plugged in.))
2024-03-27 19:03:45,059 Error in printer: Device not found (Unable to open USB printer on ('0x154F', '0x1300'):
USB device not found (Device ('0x154F', '0x1300') not found or cable not plugged in.))
2024-03-27 19:05:35,133 Error in printer: Device not found (Unable to open USB printer on ('0x154F', '0x1300'):
USB device not found (Device ('0x154F', '0x1300') not found or cable not plugged in.))
2024-03-27 19:06:51,613 Error in printer: Device not found (Unable to open USB printer on ('0x154F', '0x1300'):
USB device not found (Device ('0x154F', '0x1300') not found or cable not plugged in.))
2024-03-27 19:10:46,872 Error in printer: Device not found (Unable to open USB printer on ('0x154F', '0x1300'):
USB device not found (Device ('0x154F', '0x1300') not found or cable not plugged in.))
2024-03-27 19:11:21,902 Error in printer: Device not found (Unable to open USB printer on ('0x154F', '0x1300'):
USB device not found (Device ('0x154F', '0x1300') not found or cable not plugged in.))
2024-03-27 19:12:19,770 Error in printer: Device not found (Unable to open USB printer on ('0x154F', '0x1300'):
USB device not found (Device ('0x154F', '0x1300') not found or cable not plugged in.))
2024-03-27 19:15:54,354 Error in printer: Device not found (Unable to open USB printer on ('0x154F', '0x1300'):
USB device not found (Device ('0x154F', '0x1300') not found or cable not plugged in.))
2024-03-27 19:17:07,893 Error in printer: Device not found (Unable to open USB printer on ('0x154F', '0x1300'):
USB device not found (Device ('0x154F', '0x1300') not found or cable not plugged in.))
2024-03-27 19:18:22,246 Error in printer: Device not found (Unable to open USB printer on ('0x154F', '0x1300'):
USB device not found (Device ('0x154F', '0x1300') not found or cable not plugged in.))
2024-03-27 19:49:09,201 Error in printer: Device not found (Unable to open USB printer on ('0x154F', '0x1300'):
USB device not found (Device ('0x154F', '0x1300') not found or cable not plugged in.))
2024-03-27 19:50:17,634 Error in printer: Device not found (Unable to open USB printer on ('0x154F', '0x1300'):
USB device not found (Device ('0x154F', '0x1300') not found or cable not plugged in.))
2024-03-27 19:50:27,162 Error in onVCSelectionChanged: 'PermissibleVehicleWeight'
2024-03-27 19:50:43,969 Error in onVCSelectionChanged: 'PermissibleVehicleWeight'
2024-03-27 19:50:45,874 Error in onVCSelectionChanged: 'PermissibleVehicleWeight'
2024-03-27 19:52:47,123 Error in printer: Device not found (Unable to open USB printer on ('0x154F', '0x1300'):
USB device not found (Device ('0x154F', '0x1300') not found or cable not plugged in.))
2024-03-27 19:54:23,586 Error in printer: Device not found (Unable to open USB printer on ('0x154F', '0x1300'):
USB device not found (Device ('0x154F', '0x1300') not found or cable not plugged in.))
2024-03-27 19:58:07,023 Error in printer: Device not found (Unable to open USB printer on ('0x154F', '0x1300'):
USB device not found (Device ('0x154F', '0x1300') not found or cable not plugged in.))
2024-03-27 19:59:01,707 Error in save_transctions: type object 'Utilities' has no attribute 'lane_txn_Number'
2024-03-27 20:04:16,961 Error in printer: Device not found (Unable to open USB printer on ('0x154F', '0x1300'):
USB device not found (Device ('0x154F', '0x1300') not found or cable not plugged in.))
2024-03-27 20:04:36,034 Error in save_transctions: type object 'Utilities' has no attribute 'lane_txn_Number'
2024-03-27 20:06:47,612 Error in printer: Device not found (Unable to open USB printer on ('0x154F', '0x1300'):
USB device not found (Device ('0x154F', '0x1300') not found or cable not plugged in.))
2024-03-27 20:09:05,404 Error in printer: Device not found (Unable to open USB printer on ('0x154F', '0x1300'):
USB device not found (Device ('0x154F', '0x1300') not found or cable not plugged in.))
2024-03-27 20:09:17,591 Error in save_transctions: 'MySQLConnections' object has no attribute 'dbConnectionObj'
2024-03-27 20:10:32,351 Error in printer: Device not found (Unable to open USB printer on ('0x154F', '0x1300'):
USB device not found (Device ('0x154F', '0x1300') not found or cable not plugged in.))
