2024-03-22 11:56:44,898 Error in printer: Device not found (Unable to open USB printer on ('0x154F', '0x1300'):
USB device not found (Device ('0x154F', '0x1300') not found or cable not plugged in.))
2024-03-22 12:09:01,864 Error in printer: Device not found (Unable to open USB printer on ('0x154F', '0x1300'):
USB device not found (Device ('0x154F', '0x1300') not found or cable not plugged in.))
2024-03-22 12:26:52,920 Error in printer: Device not found (Unable to open USB printer on ('0x154F', '0x1300'):
USB device not found (Device ('0x154F', '0x1300') not found or cable not plugged in.))
2024-03-22 12:33:09,279 Error in printer: Device not found (Unable to open USB printer on ('0x154F', '0x1300'):
USB device not found (Device ('0x154F', '0x1300') not found or cable not plugged in.))
2024-03-22 16:42:45,173 Error in login: 1267 (HY000): Illegal mix of collations (utf8mb4_unicode_ci,IMPLICIT) and (utf8mb4_0900_ai_ci,IMPLICIT) for operation '='
2024-03-22 16:47:55,237 Error in login: 1267 (HY000): Illegal mix of collations (utf8mb4_unicode_ci,IMPLICIT) and (utf8mb4_0900_ai_ci,IMPLICIT) for operation '='
2024-03-22 16:48:14,294 Error in printer: Device not found (Unable to open USB printer on ('0x154F', '0x1300'):
USB device not found (Device ('0x154F', '0x1300') not found or cable not plugged in.))
2024-03-22 16:48:20,033 Error in updateLaneDetails: 1267 (HY000): Illegal mix of collations (utf8mb4_unicode_ci,IMPLICIT) and (utf8mb4_0900_ai_ci,IMPLICIT) for operation '='
2024-03-22 17:08:08,458 Error in printer: Device not found (Unable to open USB printer on ('0x154F', '0x1300'):
USB device not found (Device ('0x154F', '0x1300') not found or cable not plugged in.))
2024-03-22 17:08:08,516 Error in updateLaneDetails: 1267 (HY000): Illegal mix of collations (utf8mb4_unicode_ci,IMPLICIT) and (utf8mb4_0900_ai_ci,IMPLICIT) for operation '='
2024-03-22 17:09:47,749 Error in printer: Device not found (Unable to open USB printer on ('0x154F', '0x1300'):
USB device not found (Device ('0x154F', '0x1300') not found or cable not plugged in.))
2024-03-22 17:11:19,510 Error in updateLaneDetails: 1267 (HY000): Illegal mix of collations (utf8mb4_unicode_ci,IMPLICIT) and (utf8mb4_0900_ai_ci,IMPLICIT) for operation '='
2024-03-22 17:18:26,381 Error in printer: Device not found (Unable to open USB printer on ('0x154F', '0x1300'):
USB device not found (Device ('0x154F', '0x1300') not found or cable not plugged in.))
2024-03-22 17:35:13,746 Error in updateLaneDetails: 1267 (HY000): Illegal mix of collations (utf8mb4_unicode_ci,IMPLICIT) and (utf8mb4_0900_ai_ci,IMPLICIT) for operation '='
2024-03-22 18:10:51,483 Error in printer: Device not found (Unable to open USB printer on ('0x154F', '0x1300'):
USB device not found (Device ('0x154F', '0x1300') not found or cable not plugged in.))
2024-03-22 18:11:36,677 Error in print_receipt: 'NoneType' object has no attribute 'print_toll_receipt'
2024-03-22 18:11:55,132 Error in save_transctions: Failed calling stored routine; Python type list cannot be converted
2024-03-22 18:12:30,646 Error in printer: Device not found (Unable to open USB printer on ('0x154F', '0x1300'):
USB device not found (Device ('0x154F', '0x1300') not found or cable not plugged in.))
2024-03-22 18:15:32,612 Error in printer: Device not found (Unable to open USB printer on ('0x154F', '0x1300'):
USB device not found (Device ('0x154F', '0x1300') not found or cable not plugged in.))
2024-03-22 18:17:59,462 Error in printer: Device not found (Unable to open USB printer on ('0x154F', '0x1300'):
USB device not found (Device ('0x154F', '0x1300') not found or cable not plugged in.))
2024-03-22 18:24:41,893 Error in printer: Device not found (Unable to open USB printer on ('0x154F', '0x1300'):
USB device not found (Device ('0x154F', '0x1300') not found or cable not plugged in.))
2024-03-22 18:25:40,144 Error in save_transctions: 1366 (HY000): Incorrect integer value: '' for column 'p_TagClassId' at row 1
2024-03-22 18:26:41,518 Error in printer: Device not found (Unable to open USB printer on ('0x154F', '0x1300'):
USB device not found (Device ('0x154F', '0x1300') not found or cable not plugged in.))
2024-03-22 18:30:52,096 Error in save_transctions: 1292 (22007): Incorrect datetime value: '22-Mar-2024 18:26:41.520585' for column 'p_TagReadDateTime' at row 1
2024-03-22 18:31:32,564 Error in save_transctions: 1292 (22007): Incorrect datetime value: '22-Mar-2024 18:26:41.520585' for column 'p_TagReadDateTime' at row 1
2024-03-22 18:33:23,283 Error in printer: Device not found (Unable to open USB printer on ('0x154F', '0x1300'):
USB device not found (Device ('0x154F', '0x1300') not found or cable not plugged in.))
2024-03-22 18:33:32,449 Error in save_transctions: module 'datetime' has no attribute 'strptime'
2024-03-22 18:33:37,905 Error in save_transctions: module 'datetime' has no attribute 'strptime'
2024-03-22 18:34:37,841 Error in printer: Device not found (Unable to open USB printer on ('0x154F', '0x1300'):
USB device not found (Device ('0x154F', '0x1300') not found or cable not plugged in.))
2024-03-22 18:54:32,866 Error in printer: Device not found (Unable to open USB printer on ('0x154F', '0x1300'):
USB device not found (Device ('0x154F', '0x1300') not found or cable not plugged in.))
2024-03-22 18:57:34,427 Error in printer: Device not found (Unable to open USB printer on ('0x154F', '0x1300'):
USB device not found (Device ('0x154F', '0x1300') not found or cable not plugged in.))
2024-03-22 19:00:24,904 Error in printer: Device not found (Unable to open USB printer on ('0x154F', '0x1300'):
USB device not found (Device ('0x154F', '0x1300') not found or cable not plugged in.))
2024-03-22 19:25:07,390 Error in printer: Device not found (Unable to open USB printer on ('0x154F', '0x1300'):
USB device not found (Device ('0x154F', '0x1300') not found or cable not plugged in.))
2024-03-22 19:25:07,451 Error in updateLatestLaneTransaction: 'LaneManager' object has no attribute 'GetLatestLaneTransaction'
2024-03-22 19:26:10,789 Error in printer: Device not found (Unable to open USB printer on ('0x154F', '0x1300'):
USB device not found (Device ('0x154F', '0x1300') not found or cable not plugged in.))
2024-03-22 19:32:10,753 Error in printer: Device not found (Unable to open USB printer on ('0x154F', '0x1300'):
USB device not found (Device ('0x154F', '0x1300') not found or cable not plugged in.))
2024-03-22 19:32:10,826 Error in updateLatestLaneTransaction: 'RecentTransactionBox' object has no attribute 'headers'
2024-03-22 19:33:01,214 Error in printer: Device not found (Unable to open USB printer on ('0x154F', '0x1300'):
USB device not found (Device ('0x154F', '0x1300') not found or cable not plugged in.))
2024-03-22 19:34:51,753 Error in printer: Device not found (Unable to open USB printer on ('0x154F', '0x1300'):
USB device not found (Device ('0x154F', '0x1300') not found or cable not plugged in.))
2024-03-22 19:40:45,379 Error in printer: Device not found (Unable to open USB printer on ('0x154F', '0x1300'):
USB device not found (Device ('0x154F', '0x1300') not found or cable not plugged in.))
2024-03-22 19:47:28,940 Error in printer: Device not found (Unable to open USB printer on ('0x154F', '0x1300'):
USB device not found (Device ('0x154F', '0x1300') not found or cable not plugged in.))
2024-03-22 19:48:00,414 Error in printer: Device not found (Unable to open USB printer on ('0x154F', '0x1300'):
USB device not found (Device ('0x154F', '0x1300') not found or cable not plugged in.))
